#
# A fatal error has been detected by the Java Runtime Environment:
#
#  SIGSEGV (0xb) at pc=0x00007fff8e832097, pid=693, tid=3335
#
# JRE version: Java(TM) SE Runtime Environment (8.0-b124) (build 1.8.0-ea-b124)
# Java VM: Java HotSpot(TM) 64-Bit Server VM (25.0-b66 mixed mode bsd-amd64 compressed oops)
# Problematic frame:
# C  [libobjc.A.dylib+0x5097]  objc_msgSend+0x17
#
# Failed to write core dump. Core dumps have been disabled. To enable core dumping, try "ulimit -c unlimited" before starting Java again
#
# If you would like to submit a bug report, please visit:
#   http://bugreport.sun.com/bugreport/crash.jsp
# The crash happened outside the Java Virtual Machine in native code.
# See problematic frame for where to report the bug.
#

---------------  T H R E A D  ---------------

Current thread (0x00007f89a908f000):  JavaThread "JavaFX Application Thread" [_thread_in_native, id=3335, stack(0x00007fff577f8000,0x00007fff57ff8000)]

siginfo:si_signo=SIGSEGV: si_errno=0, si_code=0 (SEGV0), si_addr=0x0000000000000000

Registers:
RAX=0x00000001095baf00, RBX=0x00007f89a908f1e0, RCX=0x00007f89ab3dbd40, RDX=0x0000000000000004
RSP=0x00007fff57fe7748, RBP=0x00007fff57fe7b90, RSI=0x00000001223855da, RDI=0x00007f89ab74c6a0
R8 =0x00007f89ab102880, R9 =0x0000000000000000, R10=0x00000001223855da, R11=0xb00007f89ab7811c
R12=0x0000000000000000, R13=0x00007fff8e8321c4, R14=0x0000000000000001, R15=0x00000001090f2512
RIP=0x00007fff8e832097, EFLAGS=0x0000000000010246, ERR=0x0000000000000000
  TRAPNO=0x000000000000000d

Top of Stack: (sp=0x00007fff57fe7748)
0x00007fff57fe7748:   000000012236e72e 0000000000000000
0x00007fff57fe7758:   00007f89b1b835f0 0000000000000002
0x00007fff57fe7768:   000000008a5c9789 00007f89ab766310
0x00007fff57fe7778:   00007f89a908f1e0 00007f89ab3dbd40
0x00007fff57fe7788:   0000000000000000 00007f89a8c670a0
0x00007fff57fe7798:   00007fff8e832080 00007f89b1b840b0
0x00007fff57fe77a8:   0000000000000003 00007fff57fe77e8
0x00007fff57fe77b8:   00007f89a8c670b8 0000000000000000
0x00007fff57fe77c8:   0000000000000000 0000000000000000
0x00007fff57fe77d8:   0000000000000000 0000000000000000
0x00007fff57fe77e8:   00007f89ab74f850 0000000000000001
0x00007fff57fe77f8:   00007f89ab74c9f0 00007fff57fe789c
0x00007fff57fe7808:   0000000000000000 00007f89af87e3b0
0x00007fff57fe7818:   00007f89b1b834d0 00007f89afc508e0
0x00007fff57fe7828:   0000003880001200 0000090b00000000
0x00007fff57fe7838:   0000000000000000 00007fff879a9bed
0x00007fff57fe7848:   00007fff879a13a8 00007fff879a13b7
0x00007fff57fe7858:   00007fff879a750d 00007fff879d844d
0x00007fff57fe7868:   0000000000000003 00007fff57fe78a8
0x00007fff57fe7878:   00007f89b1b83608 0000000000000000
0x00007fff57fe7888:   0000000000000000 0000000000000000
0x00007fff57fe7898:   0000000000000000 0000000000000000
0x00007fff57fe78a8:   00007f89b1b83560 00007fff57fe78f0
0x00007fff57fe78b8:   000000000000000a 00007fff57fe78e0
0x00007fff57fe78c8:   00007fff8d8c4507 0000000004280380
0x00007fff57fe78d8:   0000000000000000 00007fff57fe7950
0x00007fff57fe78e8:   00007fff8d8c43f5 0000000000000000
0x00007fff57fe78f8:   00007fff57fe78f0 0000003002000000
0x00007fff57fe7908:   00007fff87443230 00007fff87443250
0x00007fff57fe7918:   00007f89b1b83500 00007fff729720d0
0x00007fff57fe7928:   0000000042000000 00007fff8718aafa
0x00007fff57fe7938:   00007fff73b6da70 00007fff57fe7948 

Instructions: (pc=0x00007fff8e832097)
0x00007fff8e832077:   90 90 90 90 90 90 90 90 90 48 85 ff 2e 74 72 40
0x00007fff8e832087:   f6 c7 01 2e 0f 85 7e 00 00 00 4c 8b 1f 49 89 f2
0x00007fff8e832097:   45 23 53 18 49 c1 e2 04 4d 03 53 10 49 3b 32 75
0x00007fff8e8320a7:   04 41 ff 62 08 49 83 3a 00 74 74 4d 3b 53 10 74 

Register to memory mapping:

RAX=0x00000001095baf00: _ZL13jfr_interface+0x60 in /Users/ggrousset/Desktop/jdk1.8.0.jdk/Contents/Home/jre/lib/server/libjvm.dylib at 0x0000000108e00000
RBX=0x00007f89a908f1e0 is an unknown value
RCX=0x00007f89ab3dbd40 is an unknown value
RDX=0x0000000000000004 is an unknown value
RSP=0x00007fff57fe7748 is pointing into the stack for thread: 0x00007f89a908f000
RBP=0x00007fff57fe7b90 is pointing into the stack for thread: 0x00007f89a908f000
RSI=0x00000001223855da: __FUNCTION__.95073+0x8f2 in /Users/ggrousset/Desktop/jdk1.8.0.jdk/Contents/Home/jre/lib/libglass.dylib at 0x0000000122351000
RDI=0x00007f89ab74c6a0 is an unknown value
R8 =0x00007f89ab102880 is an unknown value
R9 =0x0000000000000000 is an unknown value
R10=0x00000001223855da: __FUNCTION__.95073+0x8f2 in /Users/ggrousset/Desktop/jdk1.8.0.jdk/Contents/Home/jre/lib/libglass.dylib at 0x0000000122351000
R11=0xb00007f89ab7811c is an unknown value
R12=0x0000000000000000 is an unknown value
R13=0x00007fff8e8321c4: objc_msgSend_fixedup+0 in /usr/lib/libobjc.A.dylib at 0x00007fff8e82d000
R14=0x0000000000000001 is an unknown value
R15=0x00000001090f2512: jni_CallStaticVoidMethod+0 in /Users/ggrousset/Desktop/jdk1.8.0.jdk/Contents/Home/jre/lib/server/libjvm.dylib at 0x0000000108e00000


Stack: [0x00007fff577f8000,0x00007fff57ff8000],  sp=0x00007fff57fe7748,  free space=8125k
Native frames: (J=compiled Java code, j=interpreted, Vv=VM code, C=native code)
C  [libobjc.A.dylib+0x5097]  objc_msgSend+0x17
C  [libglass.dylib+0x1cdde]  listenTouchEvents+0x5e
C  [CoreGraphics+0x3b3ffe]  processEventTapData+0x266
C  [CoreGraphics+0x3b3c6f]  _CGYPostEventTapData+0xb9
C  [CoreGraphics+0x3585ec]  _XPostEventTapData+0x63
C  [CoreGraphics+0x3586d4]  CGYEventTap_server+0x51
C  [CoreGraphics+0x3b3d5d]  eventTapMessageHandler+0x2e
C  [CoreFoundation+0x7fd04]  __CFMachPortPerform+0x184
C  [CoreFoundation+0x7fb69]  __CFRUNLOOP_IS_CALLING_OUT_TO_A_SOURCE1_PERFORM_FUNCTION__+0x29
C  [CoreFoundation+0x7fade]  __CFRunLoopDoSource1+0x1de
C  [CoreFoundation+0x70bd6]  __CFRunLoopRun+0x726
C  [CoreFoundation+0x70275]  CFRunLoopRunSpecific+0x135
C  [AppKit+0x25d089]  -[NSCarbonMenuImpl performActionWithHighlightingForItemAtIndex:]+0x7a
C  [AppKit+0x2ac4dd]  -[NSMenu _internalPerformActionForItemAtIndex:]+0x23
C  [AppKit+0x2ac359]  -[NSCarbonMenuImpl _carbonCommandProcessEvent:handlerCallRef:]+0x68
C  [AppKit+0x253176]  NSSLMMenuEventHandler+0x2cc
C  [HIToolbox+0x86d4]  DispatchEventToHandlers(EventTargetRec*, OpaqueEventRef*, HandlerCallRec*)+0x37c
C  [HIToolbox+0x7c87]  SendEventToEventTargetInternal(OpaqueEventRef*, OpaqueEventTargetRef*, HandlerCallRec*)+0x181
C  [HIToolbox+0x1bd90]  SendEventToEventTarget+0x28
C  [HIToolbox+0x51a30]  SendHICommandEvent(unsigned int, HICommand const*, unsigned int, unsigned int, unsigned char, void const*, OpaqueEventTargetRef*, OpaqueEventTargetRef*, OpaqueEventRef**)+0x1a4
C  [HIToolbox+0x84618]  SendMenuCommandWithContextAndModifiers+0x3b
C  [HIToolbox+0x845c4]  SendMenuItemSelectedEvent+0xb2
C  [HIToolbox+0x844a5]  FinishMenuSelection(SelectionData*, MenuResult*, MenuResult*)+0x5e
C  [HIToolbox+0x8c425]  MenuSelectCore(MenuData*, Point, double, unsigned int, OpaqueMenuRef**, unsigned short*)+0x2ce
C  [HIToolbox+0x8c051]  _HandleMenuSelection2+0x1be
C  [AppKit+0x1c579c]  _NSHandleCarbonMenuEvent+0x11c
C  [AppKit+0x2456e]  _DPSNextEvent+0x87a
C  [AppKit+0x238db]  -[NSApplication nextEventMatchingMask:untilDate:inMode:dequeue:]+0x7a
C  [libglass.dylib+0xa6f1]  +[GlassApplication enterNestedEventLoopWithEnv:]+0x81
C  [libglass.dylib+0xce0a]  Java_com_sun_glass_ui_mac_MacApplication__1enterNestedEventLoopImpl+0x7a
j  com.sun.glass.ui.mac.MacApplication._enterNestedEventLoopImpl()Ljava/lang/Object;+0
j  com.sun.glass.ui.mac.MacApplication._enterNestedEventLoop()Ljava/lang/Object;+15
j  com.sun.glass.ui.Application.enterNestedEventLoop()Ljava/lang/Object;+14
j  com.sun.glass.ui.EventLoop.enter()Ljava/lang/Object;+42
j  com.sun.javafx.tk.quantum.QuantumToolkit.enterNestedEventLoop(Ljava/lang/Object;)Ljava/lang/Object;+90
j  javafx.stage.Stage.showAndWait()V+74
j  com.backelite.shift.gui.MainController.handleNewFileMenuAction()V+75
j  com.backelite.shift.gui.MainController.access$300(Lcom/backelite/shift/gui/MainController;)V+1
j  com.backelite.shift.gui.MainController$9.handle(Ljavafx/event/ActionEvent;)V+4
j  com.backelite.shift.gui.MainController$9.handle(Ljavafx/event/Event;)V+5
J 3660 C1 com.sun.javafx.event.CompositeEventHandler.dispatchBubblingEvent(Ljavafx/event/Event;)V (57 bytes) @ 0x000000010aa22ecc [0x000000010aa22b00+0x3cc]
J 3628 C1 com.sun.javafx.event.EventHandlerManager.dispatchBubblingEvent(Ljavafx/event/Event;)Ljavafx/event/Event; (23 bytes) @ 0x000000010aa0fa3c [0x000000010aa0f420+0x61c]
J 3527 C1 com.sun.javafx.event.BasicEventDispatcher.dispatchEvent(Ljavafx/event/Event;Ljavafx/event/EventDispatchChain;)Ljavafx/event/Event; (44 bytes) @ 0x000000010a9d1d44 [0x000000010a9d1a80+0x2c4]
J 3308 C1 com.sun.javafx.event.EventDispatchChainImpl.dispatchEvent(Ljavafx/event/Event;)Ljavafx/event/Event; (101 bytes) @ 0x000000010a95346c [0x000000010a9532c0+0x1ac]
j  com.sun.javafx.event.EventUtil.fireEventImpl(Ljavafx/event/EventDispatchChain;Ljavafx/event/EventTarget;Ljavafx/event/Event;)Ljavafx/event/Event;+10
j  com.sun.javafx.event.EventUtil.fireEvent(Ljavafx/event/EventTarget;Ljavafx/event/Event;)Ljavafx/event/Event;+37
j  javafx.event.Event.fireEvent(Ljavafx/event/EventTarget;Ljavafx/event/Event;)V+30
j  javafx.scene.control.MenuItem.fire()V+10
j  com.sun.javafx.scene.control.GlobalMenuAdapter$5.handle(Ljavafx/event/ActionEvent;)V+4
j  com.sun.javafx.scene.control.GlobalMenuAdapter$5.handle(Ljavafx/event/Event;)V+5
J 3660 C1 com.sun.javafx.event.CompositeEventHandler.dispatchBubblingEvent(Ljavafx/event/Event;)V (57 bytes) @ 0x000000010aa22ecc [0x000000010aa22b00+0x3cc]
J 3628 C1 com.sun.javafx.event.EventHandlerManager.dispatchBubblingEvent(Ljavafx/event/Event;)Ljavafx/event/Event; (23 bytes) @ 0x000000010aa0fa3c [0x000000010aa0f420+0x61c]
J 3527 C1 com.sun.javafx.event.BasicEventDispatcher.dispatchEvent(Ljavafx/event/Event;Ljavafx/event/EventDispatchChain;)Ljavafx/event/Event; (44 bytes) @ 0x000000010a9d1d44 [0x000000010a9d1a80+0x2c4]
J 3308 C1 com.sun.javafx.event.EventDispatchChainImpl.dispatchEvent(Ljavafx/event/Event;)Ljavafx/event/Event; (101 bytes) @ 0x000000010a95346c [0x000000010a9532c0+0x1ac]
j  com.sun.javafx.event.EventUtil.fireEventImpl(Ljavafx/event/EventDispatchChain;Ljavafx/event/EventTarget;Ljavafx/event/Event;)Ljavafx/event/Event;+10
j  com.sun.javafx.event.EventUtil.fireEvent(Ljavafx/event/EventTarget;Ljavafx/event/Event;)Ljavafx/event/Event;+46
j  javafx.event.Event.fireEvent(Ljavafx/event/EventTarget;Ljavafx/event/Event;)V+30
j  javafx.scene.control.MenuItem.fire()V+10
j  com.sun.javafx.tk.quantum.GlassSystemMenu$6.action()V+70
v  ~StubRoutines::call_stub
V  [libjvm.dylib+0x2c4962]  JavaCalls::call_helper(JavaValue*, methodHandle*, JavaCallArguments*, Thread*)+0x6ae
V  [libjvm.dylib+0x2f97cc]  jni_invoke_nonstatic(JNIEnv_*, JavaValue*, _jobject*, JNICallType, _jmethodID*, JNI_ArgumentPusher*, Thread*)+0x2fb
V  [libjvm.dylib+0x2ec460]  jni_CallVoidMethod+0x16b
C  [libglass.dylib+0x15084]  -[GlassMenu action:]+0x84
C  [AppKit+0x2423d0]  -[NSApplication sendAction:to:from:]+0x147
C  [AppKit+0x25d348]  -[NSMenuItem _corePerformAction]+0x18a
C  [AppKit+0x25d084]  -[NSCarbonMenuImpl performActionWithHighlightingForItemAtIndex:]+0x75
C  [AppKit+0x25c1fc]  -[NSMenu performKeyEquivalent:]+0x121
C  [AppKit+0x258a61]  -[NSApplication _handleKeyEquivalent:]+0x336
C  [AppKit+0x1c7c3c]  -[NSApplication sendEvent:]+0xcdd
C  [AppKit+0x17a29]  -[NSApplication run]+0x286
C  [libglass.dylib+0xbfb5]  -[GlassApplication runLoop:]+0x6a5
C  [Foundation+0x640de]  __NSThreadPerformPerform+0xe5
C  [CoreFoundation+0x7f8f1]  __CFRUNLOOP_IS_CALLING_OUT_TO_A_SOURCE0_PERFORM_FUNCTION__+0x11
C  [CoreFoundation+0x71062]  __CFRunLoopDoSources0+0xf2
C  [CoreFoundation+0x707ef]  __CFRunLoopRun+0x33f
C  [CoreFoundation+0x70275]  CFRunLoopRunSpecific+0x135
C  [java+0x56cb]  CreateExecutionEnvironment+0x367
C  [java+0x166c]  JLI_Launch+0x7a0
C  [java+0x7689]  main+0x65
C  [java+0xec4]  start+0x34

Java frames: (J=compiled Java code, j=interpreted, Vv=VM code)
j  com.sun.glass.ui.mac.MacApplication._enterNestedEventLoopImpl()Ljava/lang/Object;+0
j  com.sun.glass.ui.mac.MacApplication._enterNestedEventLoop()Ljava/lang/Object;+15
j  com.sun.glass.ui.Application.enterNestedEventLoop()Ljava/lang/Object;+14
j  com.sun.glass.ui.EventLoop.enter()Ljava/lang/Object;+42
j  com.sun.javafx.tk.quantum.QuantumToolkit.enterNestedEventLoop(Ljava/lang/Object;)Ljava/lang/Object;+90
j  javafx.stage.Stage.showAndWait()V+74
j  com.backelite.shift.gui.MainController.handleNewFileMenuAction()V+75
j  com.backelite.shift.gui.MainController.access$300(Lcom/backelite/shift/gui/MainController;)V+1
j  com.backelite.shift.gui.MainController$9.handle(Ljavafx/event/ActionEvent;)V+4
j  com.backelite.shift.gui.MainController$9.handle(Ljavafx/event/Event;)V+5
J 3660 C1 com.sun.javafx.event.CompositeEventHandler.dispatchBubblingEvent(Ljavafx/event/Event;)V (57 bytes) @ 0x000000010aa22ecc [0x000000010aa22b00+0x3cc]
J 3628 C1 com.sun.javafx.event.EventHandlerManager.dispatchBubblingEvent(Ljavafx/event/Event;)Ljavafx/event/Event; (23 bytes) @ 0x000000010aa0fa3c [0x000000010aa0f420+0x61c]
J 3527 C1 com.sun.javafx.event.BasicEventDispatcher.dispatchEvent(Ljavafx/event/Event;Ljavafx/event/EventDispatchChain;)Ljavafx/event/Event; (44 bytes) @ 0x000000010a9d1d44 [0x000000010a9d1a80+0x2c4]
J 3308 C1 com.sun.javafx.event.EventDispatchChainImpl.dispatchEvent(Ljavafx/event/Event;)Ljavafx/event/Event; (101 bytes) @ 0x000000010a95346c [0x000000010a9532c0+0x1ac]
j  com.sun.javafx.event.EventUtil.fireEventImpl(Ljavafx/event/EventDispatchChain;Ljavafx/event/EventTarget;Ljavafx/event/Event;)Ljavafx/event/Event;+10
j  com.sun.javafx.event.EventUtil.fireEvent(Ljavafx/event/EventTarget;Ljavafx/event/Event;)Ljavafx/event/Event;+37
j  javafx.event.Event.fireEvent(Ljavafx/event/EventTarget;Ljavafx/event/Event;)V+30
j  javafx.scene.control.MenuItem.fire()V+10
j  com.sun.javafx.scene.control.GlobalMenuAdapter$5.handle(Ljavafx/event/ActionEvent;)V+4
j  com.sun.javafx.scene.control.GlobalMenuAdapter$5.handle(Ljavafx/event/Event;)V+5
J 3660 C1 com.sun.javafx.event.CompositeEventHandler.dispatchBubblingEvent(Ljavafx/event/Event;)V (57 bytes) @ 0x000000010aa22ecc [0x000000010aa22b00+0x3cc]
J 3628 C1 com.sun.javafx.event.EventHandlerManager.dispatchBubblingEvent(Ljavafx/event/Event;)Ljavafx/event/Event; (23 bytes) @ 0x000000010aa0fa3c [0x000000010aa0f420+0x61c]
J 3527 C1 com.sun.javafx.event.BasicEventDispatcher.dispatchEvent(Ljavafx/event/Event;Ljavafx/event/EventDispatchChain;)Ljavafx/event/Event; (44 bytes) @ 0x000000010a9d1d44 [0x000000010a9d1a80+0x2c4]
J 3308 C1 com.sun.javafx.event.EventDispatchChainImpl.dispatchEvent(Ljavafx/event/Event;)Ljavafx/event/Event; (101 bytes) @ 0x000000010a95346c [0x000000010a9532c0+0x1ac]
j  com.sun.javafx.event.EventUtil.fireEventImpl(Ljavafx/event/EventDispatchChain;Ljavafx/event/EventTarget;Ljavafx/event/Event;)Ljavafx/event/Event;+10
j  com.sun.javafx.event.EventUtil.fireEvent(Ljavafx/event/EventTarget;Ljavafx/event/Event;)Ljavafx/event/Event;+46
j  javafx.event.Event.fireEvent(Ljavafx/event/EventTarget;Ljavafx/event/Event;)V+30
j  javafx.scene.control.MenuItem.fire()V+10
j  com.sun.javafx.tk.quantum.GlassSystemMenu$6.action()V+70
v  ~StubRoutines::call_stub

---------------  P R O C E S S  ---------------

Java Threads: ( => current thread )
  0x00007f89abe70800 JavaThread "Prism Font Disposer" daemon [_thread_blocked, id=55051, stack(0x0000000129728000,0x0000000129828000)]
  0x00007f89ab80d000 JavaThread "Watchdog-Timer-1" daemon [_thread_blocked, id=54531, stack(0x0000000128bf3000,0x0000000128cf3000)]
  0x00007f89ac850000 JavaThread "Disposer" daemon [_thread_blocked, id=53767, stack(0x000000012941b000,0x000000012951b000)]
  0x00007f89ab8ef000 JavaThread "JavaFX-Launcher" [_thread_blocked, id=53511, stack(0x0000000127b48000,0x0000000127c48000)]
  0x00007f89aa043000 JavaThread "Thread-3" daemon [_thread_in_native, id=38659, stack(0x0000000125727000,0x00000001257a7000)]
=>0x00007f89a908f000 JavaThread "JavaFX Application Thread" [_thread_in_native, id=3335, stack(0x00007fff577f8000,0x00007fff57ff8000)]
  0x00007f89ad001800 JavaThread "Thread-1" daemon [_thread_blocked, id=28675, stack(0x00000001223bc000,0x00000001224bc000)]
  0x00007f89a9056000 JavaThread "QuantumRenderer-0" daemon [_thread_blocked, id=23299, stack(0x0000000121787000,0x0000000121887000)]
  0x00007f89a9035800 JavaThread "Service Thread" daemon [_thread_blocked, id=22275, stack(0x0000000121493000,0x0000000121593000)]
  0x00007f89a9017800 JavaThread "C1 CompilerThread3" daemon [_thread_blocked, id=21763, stack(0x0000000121390000,0x0000000121490000)]
  0x00007f89a9016800 JavaThread "C2 CompilerThread2" daemon [_thread_blocked, id=21251, stack(0x000000012128d000,0x000000012138d000)]
  0x00007f89a9016000 JavaThread "C2 CompilerThread1" daemon [_thread_blocked, id=20739, stack(0x000000012118a000,0x000000012128a000)]
  0x00007f89a9014000 JavaThread "C2 CompilerThread0" daemon [_thread_blocked, id=20227, stack(0x0000000121087000,0x0000000121187000)]
  0x00007f89aa002000 JavaThread "Signal Dispatcher" daemon [_thread_blocked, id=19715, stack(0x0000000120f84000,0x0000000121084000)]
  0x00007f89a9013800 JavaThread "Finalizer" daemon [_thread_blocked, id=14595, stack(0x0000000120d4d000,0x0000000120e4d000)]
  0x00007f89ab804000 JavaThread "Reference Handler" daemon [_thread_blocked, id=14083, stack(0x0000000120c4a000,0x0000000120d4a000)]
  0x00007f89a9803000 JavaThread "main" [_thread_blocked, id=6403, stack(0x0000000109cbe000,0x0000000109dbe000)]

Other Threads:
  0x00007f89a9013000 VMThread [stack: 0x0000000120b47000,0x0000000120c47000] [id=13571]
  0x00007f89a9036000 WatcherThread [stack: 0x0000000121596000,0x0000000121696000] [id=22787]

VM state:not at safepoint (normal execution)

VM Mutex/Monitor currently owned by a thread: None

Heap:
 PSYoungGen      total 45568K, used 7940K [0x0000000795580000, 0x0000000799400000, 0x00000007c0000000)
  eden space 44032K, 18% used [0x0000000795580000,0x0000000795d41210,0x0000000798080000)
  from space 1536K, 0% used [0x0000000798800000,0x0000000798800000,0x0000000798980000)
  to   space 7680K, 0% used [0x0000000798080000,0x0000000798080000,0x0000000798800000)
 ParOldGen       total 25088K, used 17796K [0x0000000740000000, 0x0000000741880000, 0x0000000795580000)
  object space 25088K, 70% used [0x0000000740000000,0x00000007411611f0,0x0000000741880000)
 Metaspace       used 30545K, capacity 30934K, committed 31232K, reserved 1077248K
  class space    used 4182K, capacity 4270K, committed 4352K, reserved 1048576K

Card table byte_map: [0x0000000119180000,0x0000000119581000] byte_map_base: 0x0000000115780000

Marking Bits: (ParMarkBitMap*) 0x0000000109664ef0
 Begin Bits: [0x000000011a044000, 0x000000011c044000)
 End Bits:   [0x000000011c044000, 0x000000011e044000)

Polling page: 0x0000000107d5e000

CodeCache: size=245760Kb used=13585Kb max_used=13642Kb free=232174Kb
 bounds [0x0000000109dc0000, 0x000000010ab20000, 0x0000000118dc0000]
 total_blobs=4955 nmethods=3987 adapters=881
 compilation: enabled

Compilation events (10 events):
Event: 16.060 Thread 0x00007f89a9017800 4010       1       com.sun.javafx.sg.prism.NGRectangle::getShape (5 bytes)
Event: 16.060 Thread 0x00007f89a9017800 nmethod 4010 0x0000000109f1b4d0 code [0x0000000109f1b620, 0x0000000109f1b730]
Event: 16.555 Thread 0x00007f89a9016000 4011       4       com.sun.javafx.geom.transform.Affine3D::updateState (96 bytes)
Event: 16.556 Thread 0x00007f89a9017800 4012       3       com.sun.prism.impl.ps.BaseShaderGraphics::renderShape (284 bytes)
Event: 16.557 Thread 0x00007f89a9017800 nmethod 4012 0x000000010a04f850 code [0x000000010a04fac0, 0x000000010a050688]
Event: 16.558 Thread 0x00007f89a9016000 nmethod 4011 0x0000000109fa06d0 code [0x0000000109fa08c0, 0x0000000109fa0b78]
Event: 16.558 Thread 0x00007f89a9017800 4014       3       com.sun.prism.impl.BaseGraphics::fill (137 bytes)
Event: 16.558 Thread 0x00007f89a9017800 nmethod 4014 0x000000010a04ecd0 code [0x000000010a04ee80, 0x000000010a04f5f8]
Event: 16.558 Thread 0x00007f89a9017800 4015       3       com.sun.javafx.geom.transform.Identity::equals (23 bytes)
Event: 16.558 Thread 0x00007f89a9017800 nmethod 4015 0x000000010a04e5d0 code [0x000000010a04e760, 0x000000010a04ebe8]

GC Heap History (10 events):
Event: 2.610 GC heap before
{Heap before GC invocations=16 (full 1):
 PSYoungGen      total 34304K, used 1632K [0x0000000795580000, 0x0000000798c80000, 0x00000007c0000000)
  eden space 30720K, 0% used [0x0000000795580000,0x0000000795580000,0x0000000797380000)
  from space 3584K, 45% used [0x0000000797380000,0x0000000797518000,0x0000000797700000)
  to   space 3584K, 0% used [0x0000000798900000,0x0000000798900000,0x0000000798c80000)
 ParOldGen       total 129536K, used 8480K [0x0000000740000000, 0x0000000747e80000, 0x0000000795580000)
  object space 129536K, 6% used [0x0000000740000000,0x0000000740848360,0x0000000747e80000)
 Metaspace       used 20825K, capacity 21146K, committed 21248K, reserved 1069056K
  class space    used 2427K, capacity 2525K, committed 2560K, reserved 1048576K
Event: 2.687 GC heap after
Heap after GC invocations=16 (full 1):
 PSYoungGen      total 34304K, used 0K [0x0000000795580000, 0x0000000798c80000, 0x00000007c0000000)
  eden space 30720K, 0% used [0x0000000795580000,0x0000000795580000,0x0000000797380000)
  from space 3584K, 0% used [0x0000000797380000,0x0000000797380000,0x0000000797700000)
  to   space 3584K, 0% used [0x0000000798900000,0x0000000798900000,0x0000000798c80000)
 ParOldGen       total 11776K, used 8487K [0x0000000740000000, 0x0000000740b80000, 0x0000000795580000)
  object space 11776K, 72% used [0x0000000740000000,0x0000000740849e20,0x0000000740b80000)
 Metaspace       used 20825K, capacity 21146K, committed 21248K, reserved 1069056K
  class space    used 2427K, capacity 2525K, committed 2560K, reserved 1048576K
}
Event: 2.974 GC heap before
{Heap before GC invocations=17 (full 1):
 PSYoungGen      total 34304K, used 30537K [0x0000000795580000, 0x0000000798c80000, 0x00000007c0000000)
  eden space 30720K, 99% used [0x0000000795580000,0x0000000797352558,0x0000000797380000)
  from space 3584K, 0% used [0x0000000797380000,0x0000000797380000,0x0000000797700000)
  to   space 3584K, 0% used [0x0000000798900000,0x0000000798900000,0x0000000798c80000)
 ParOldGen       total 11776K, used 8487K [0x0000000740000000, 0x0000000740b80000, 0x0000000795580000)
  object space 11776K, 72% used [0x0000000740000000,0x0000000740849e20,0x0000000740b80000)
 Metaspace       used 23123K, capacity 23486K, committed 23808K, reserved 1071104K
  class space    used 2902K, capacity 2986K, committed 3072K, reserved 1048576K
Event: 2.976 GC heap after
Heap after GC invocations=17 (full 1):
 PSYoungGen      total 38912K, used 1612K [0x0000000795580000, 0x0000000798b00000, 0x00000007c0000000)
  eden space 36864K, 0% used [0x0000000795580000,0x0000000795580000,0x0000000797980000)
  from space 2048K, 78% used [0x0000000798900000,0x0000000798a93000,0x0000000798b00000)
  to   space 3072K, 0% used [0x0000000798500000,0x0000000798500000,0x0000000798800000)
 ParOldGen       total 11776K, used 8495K [0x0000000740000000, 0x0000000740b80000, 0x0000000795580000)
  object space 11776K, 72% used [0x0000000740000000,0x000000074084be20,0x0000000740b80000)
 Metaspace       used 23123K, capacity 23486K, committed 23808K, reserved 1071104K
  class space    used 2902K, capacity 2986K, committed 3072K, reserved 1048576K
}
Event: 3.056 GC heap before
{Heap before GC invocations=18 (full 1):
 PSYoungGen      total 38912K, used 38159K [0x0000000795580000, 0x0000000798b00000, 0x00000007c0000000)
  eden space 36864K, 99% used [0x0000000795580000,0x0000000797930eb0,0x0000000797980000)
  from space 2048K, 78% used [0x0000000798900000,0x0000000798a93000,0x0000000798b00000)
  to   space 3072K, 0% used [0x0000000798500000,0x0000000798500000,0x0000000798800000)
 ParOldGen       total 11776K, used 8495K [0x0000000740000000, 0x0000000740b80000, 0x0000000795580000)
  object space 11776K, 72% used [0x0000000740000000,0x000000074084be20,0x0000000740b80000)
 Metaspace       used 23217K, capacity 23524K, committed 23808K, reserved 1071104K
  class space    used 2917K, capacity 3019K, committed 3072K, reserved 1048576K
Event: 3.059 GC heap after
Heap after GC invocations=18 (full 1):
 PSYoungGen      total 46080K, used 3062K [0x0000000795580000, 0x0000000798980000, 0x00000007c0000000)
  eden space 43008K, 0% used [0x0000000795580000,0x0000000795580000,0x0000000797f80000)
  from space 3072K, 99% used [0x0000000798500000,0x00000007987fd8b0,0x0000000798800000)
  to   space 1536K, 0% used [0x0000000798800000,0x0000000798800000,0x0000000798980000)
 ParOldGen       total 11776K, used 9363K [0x0000000740000000, 0x0000000740b80000, 0x0000000795580000)
  object space 11776K, 79% used [0x0000000740000000,0x0000000740924c98,0x0000000740b80000)
 Metaspace       used 23217K, capacity 23524K, committed 23808K, reserved 1071104K
  class space    used 2917K, capacity 3019K, committed 3072K, reserved 1048576K
}
Event: 9.962 GC heap before
{Heap before GC invocations=19 (full 1):
 PSYoungGen      total 46080K, used 46070K [0x0000000795580000, 0x0000000798980000, 0x00000007c0000000)
  eden space 43008K, 100% used [0x0000000795580000,0x0000000797f80000,0x0000000797f80000)
  from space 3072K, 99% used [0x0000000798500000,0x00000007987fd8b0,0x0000000798800000)
  to   space 1536K, 0% used [0x0000000798800000,0x0000000798800000,0x0000000798980000)
 ParOldGen       total 11776K, used 9363K [0x0000000740000000, 0x0000000740b80000, 0x0000000795580000)
  object space 11776K, 79% used [0x0000000740000000,0x0000000740924c98,0x0000000740b80000)
 Metaspace       used 29607K, capacity 29930K, committed 30208K, reserved 1075200K
  class space    used 3961K, capacity 4044K, committed 4096K, reserved 1048576K
Event: 9.969 GC heap after
Heap after GC invocations=19 (full 1):
 PSYoungGen      total 45568K, used 1530K [0x0000000795580000, 0x0000000799400000, 0x00000007c0000000)
  eden space 44032K, 0% used [0x0000000795580000,0x0000000795580000,0x0000000798080000)
  from space 1536K, 99% used [0x0000000798800000,0x000000079897eb48,0x0000000798980000)
  to   space 7680K, 0% used [0x0000000798080000,0x0000000798080000,0x0000000798800000)
 ParOldGen       total 20992K, used 19483K [0x0000000740000000, 0x0000000741480000, 0x0000000795580000)
  object space 20992K, 92% used [0x0000000740000000,0x0000000741306d60,0x0000000741480000)
 Metaspace       used 29607K, capacity 29930K, committed 30208K, reserved 1075200K
  class space    used 3961K, capacity 4044K, committed 4096K, reserved 1048576K
}
Event: 9.969 GC heap before
{Heap before GC invocations=20 (full 2):
 PSYoungGen      total 45568K, used 1530K [0x0000000795580000, 0x0000000799400000, 0x00000007c0000000)
  eden space 44032K, 0% used [0x0000000795580000,0x0000000795580000,0x0000000798080000)
  from space 1536K, 99% used [0x0000000798800000,0x000000079897eb48,0x0000000798980000)
  to   space 7680K, 0% used [0x0000000798080000,0x0000000798080000,0x0000000798800000)
 ParOldGen       total 20992K, used 19483K [0x0000000740000000, 0x0000000741480000, 0x0000000795580000)
  object space 20992K, 92% used [0x0000000740000000,0x0000000741306d60,0x0000000741480000)
 Metaspace       used 29607K, capacity 29930K, committed 30208K, reserved 1075200K
  class space    used 3961K, capacity 4044K, committed 4096K, reserved 1048576K
Event: 10.037 GC heap after
Heap after GC invocations=20 (full 2):
 PSYoungGen      total 45568K, used 0K [0x0000000795580000, 0x0000000799400000, 0x00000007c0000000)
  eden space 44032K, 0% used [0x0000000795580000,0x0000000795580000,0x0000000798080000)
  from space 1536K, 0% used [0x0000000798800000,0x0000000798800000,0x0000000798980000)
  to   space 7680K, 0% used [0x0000000798080000,0x0000000798080000,0x0000000798800000)
 ParOldGen       total 25088K, used 17796K [0x0000000740000000, 0x0000000741880000, 0x0000000795580000)
  object space 25088K, 70% used [0x0000000740000000,0x00000007411611f0,0x0000000741880000)
 Metaspace       used 29607K, capacity 29930K, committed 30208K, reserved 1075200K
  class space    used 3961K, capacity 4044K, committed 4096K, reserved 1048576K
}

Deoptimization events (10 events):
Event: 9.961 Thread 0x00007f89a908f000 Uncommon trap: reason=array_check action=maybe_recompile pc=0x000000010a8b7ac0 method=com.sun.javafx.css.SimpleSelector.applies(Ljavafx/css/Styleable;[Ljava/util/Set;I)Z @ 37
Event: 10.054 Thread 0x00007f89a9056000 Uncommon trap: reason=range_check action=make_not_entrant pc=0x000000010a09864c method=java.util.ArrayList.elementData(I)Ljava/lang/Object; @ 5
Event: 11.454 Thread 0x00007f89a908f000 Uncommon trap: reason=class_check action=maybe_recompile pc=0x000000010a7edf34 method=java.util.regex.Pattern$Curly.match(Ljava/util/regex/Matcher;ILjava/lang/CharSequence;)Z @ 19
Event: 11.460 Thread 0x00007f89a908f000 Uncommon trap: reason=null_check action=make_not_entrant pc=0x000000010a8afbe0 method=com.sun.javafx.css.StyleManager.getCacheContainer(Ljavafx/css/Styleable;)Lcom/sun/javafx/css/StyleManager$CacheContainer; @ 52
Event: 11.462 Thread 0x00007f89a908f000 Uncommon trap: reason=unreached action=reinterpret pc=0x000000010a778d64 method=javafx.scene.CssStyleHelper.lookup(Ljavafx/css/Styleable;Ljavafx/css/CssMetaData;Lcom/sun/javafx/css/StyleMap;Ljava/util/Set;Ljavafx/css/Styleable;Lcom/sun/javafx/css/Calculat
Event: 11.511 Thread 0x00007f89a908f000 Uncommon trap: reason=bimorphic action=maybe_recompile pc=0x000000010aa3dd5c method=javafx.beans.property.BooleanPropertyBase.get()Z @ 23
Event: 11.511 Thread 0x00007f89a908f000 Uncommon trap: reason=bimorphic action=maybe_recompile pc=0x000000010aa3dd5c method=javafx.beans.property.BooleanPropertyBase.get()Z @ 23
Event: 11.511 Thread 0x00007f89a908f000 Uncommon trap: reason=bimorphic action=maybe_recompile pc=0x000000010aa3dd5c method=javafx.beans.property.BooleanPropertyBase.get()Z @ 23
Event: 11.511 Thread 0x00007f89a908f000 Uncommon trap: reason=bimorphic action=maybe_recompile pc=0x000000010a842158 method=javafx.beans.property.BooleanPropertyBase.get()Z @ 23
Event: 11.511 Thread 0x00007f89a908f000 Uncommon trap: reason=bimorphic action=maybe_recompile pc=0x000000010aa3dd5c method=javafx.beans.property.BooleanPropertyBase.get()Z @ 23

Internal exceptions (10 events):
Event: 11.451 Thread 0x00007f89a908f000 Exception <a 'java/security/PrivilegedActionException'> (0x0000000795980dd8) thrown at [/HUDSON/workspace/8-2-build-macosx-x86_64/jdk8/1532/hotspot/src/share/vm/prims/jvm.cpp, line 1248]
Event: 11.451 Thread 0x00007f89a908f000 Exception <a 'java/security/PrivilegedActionException'> (0x0000000795985588) thrown at [/HUDSON/workspace/8-2-build-macosx-x86_64/jdk8/1532/hotspot/src/share/vm/prims/jvm.cpp, line 1248]
Event: 11.452 Thread 0x00007f89a908f000 Exception <a 'java/security/PrivilegedActionException'> (0x000000079598c4f8) thrown at [/HUDSON/workspace/8-2-build-macosx-x86_64/jdk8/1532/hotspot/src/share/vm/prims/jvm.cpp, line 1248]
Event: 11.452 Thread 0x00007f89a908f000 Exception <a 'java/security/PrivilegedActionException'> (0x0000000795990530) thrown at [/HUDSON/workspace/8-2-build-macosx-x86_64/jdk8/1532/hotspot/src/share/vm/prims/jvm.cpp, line 1248]
Event: 11.452 Thread 0x00007f89a908f000 Exception <a 'java/security/PrivilegedActionException'> (0x0000000795994688) thrown at [/HUDSON/workspace/8-2-build-macosx-x86_64/jdk8/1532/hotspot/src/share/vm/prims/jvm.cpp, line 1248]
Event: 11.453 Thread 0x00007f89a908f000 Exception <a 'java/security/PrivilegedActionException'> (0x0000000795998520) thrown at [/HUDSON/workspace/8-2-build-macosx-x86_64/jdk8/1532/hotspot/src/share/vm/prims/jvm.cpp, line 1248]
Event: 11.453 Thread 0x00007f89a908f000 Exception <a 'java/security/PrivilegedActionException'> (0x000000079599c758) thrown at [/HUDSON/workspace/8-2-build-macosx-x86_64/jdk8/1532/hotspot/src/share/vm/prims/jvm.cpp, line 1248]
Event: 11.478 Thread 0x00007f89a908f000 Exception <a 'java/security/PrivilegedActionException'> (0x0000000795a49e40) thrown at [/HUDSON/workspace/8-2-build-macosx-x86_64/jdk8/1532/hotspot/src/share/vm/prims/jvm.cpp, line 1248]
Event: 11.479 Thread 0x00007f89a908f000 Exception <a 'java/security/PrivilegedActionException'> (0x0000000795a5d088) thrown at [/HUDSON/workspace/8-2-build-macosx-x86_64/jdk8/1532/hotspot/src/share/vm/prims/jvm.cpp, line 1248]
Event: 11.479 Thread 0x00007f89a908f000 Exception <a 'java/security/PrivilegedActionException'> (0x0000000795a705b0) thrown at [/HUDSON/workspace/8-2-build-macosx-x86_64/jdk8/1532/hotspot/src/share/vm/prims/jvm.cpp, line 1248]

Events (10 events):
Event: 15.640 Thread 0x00007f89a9017800 flushing nmethod 0x0000000109f49410
Event: 15.640 Thread 0x00007f89a9017800 flushing nmethod 0x0000000109f4ecd0
Event: 15.640 Thread 0x00007f89a9017800 flushing nmethod 0x0000000109f69910
Event: 15.640 Thread 0x00007f89a9017800 flushing nmethod 0x0000000109fa04d0
Event: 15.640 Thread 0x00007f89a9017800 flushing nmethod 0x0000000109fb6190
Event: 15.641 Thread 0x00007f89a9017800 flushing nmethod 0x000000010a04de50
Event: 17.070 loading class com/sun/javafx/tk/quantum/GlassStage$2
Event: 17.070 loading class com/sun/javafx/tk/quantum/GlassStage$2 done
Event: 17.073 loading class com/sun/javafx/tk/quantum/QuantumRenderer$4
Event: 17.073 loading class com/sun/javafx/tk/quantum/QuantumRenderer$4 done


Dynamic libraries:
0x000000000267f000 	/System/Library/Frameworks/Cocoa.framework/Versions/A/Cocoa
0x000000000267f000 	/System/Library/Frameworks/Security.framework/Versions/A/Security
0x000000000267f000 	/System/Library/Frameworks/ApplicationServices.framework/Versions/A/ApplicationServices
0x000000000267f000 	/usr/lib/libz.1.dylib
0x000000000267f000 	/usr/lib/libSystem.B.dylib
0x000000000267f000 	/usr/lib/libobjc.A.dylib
0x000000000267f000 	/System/Library/Frameworks/CoreFoundation.framework/Versions/A/CoreFoundation
0x000000000267f000 	/System/Library/Frameworks/Foundation.framework/Versions/C/Foundation
0x000000000267f000 	/System/Library/Frameworks/AppKit.framework/Versions/C/AppKit
0x000000000267f000 	/System/Library/Frameworks/CoreData.framework/Versions/A/CoreData
0x000000000267f000 	/System/Library/PrivateFrameworks/RemoteViewServices.framework/Versions/A/RemoteViewServices
0x000000000267f000 	/System/Library/Frameworks/AudioToolbox.framework/Versions/A/AudioToolbox
0x000000000267f000 	/System/Library/Frameworks/AudioUnit.framework/Versions/A/AudioUnit
0x000000000267f000 	/System/Library/PrivateFrameworks/DataDetectorsCore.framework/Versions/A/DataDetectorsCore
0x000000000267f000 	/System/Library/PrivateFrameworks/DesktopServicesPriv.framework/Versions/A/DesktopServicesPriv
0x000000000267f000 	/System/Library/Frameworks/Carbon.framework/Versions/A/Frameworks/HIToolbox.framework/Versions/A/HIToolbox
0x000000000267f000 	/System/Library/Frameworks/QuartzCore.framework/Versions/A/QuartzCore
0x000000000267f000 	/System/Library/Frameworks/Carbon.framework/Versions/A/Frameworks/SpeechRecognition.framework/Versions/A/SpeechRecognition
0x000000000267f000 	/usr/lib/libauto.dylib
0x000000000267f000 	/usr/lib/libicucore.A.dylib
0x000000000267f000 	/usr/lib/libxml2.2.dylib
0x000000000267f000 	/System/Library/PrivateFrameworks/CoreUI.framework/Versions/A/CoreUI
0x000000000267f000 	/System/Library/Frameworks/CoreAudio.framework/Versions/A/CoreAudio
0x000000000267f000 	/System/Library/Frameworks/DiskArbitration.framework/Versions/A/DiskArbitration
0x000000000267f000 	/usr/lib/liblangid.dylib
0x000000000267f000 	/System/Library/PrivateFrameworks/MultitouchSupport.framework/Versions/A/MultitouchSupport
0x000000000267f000 	/System/Library/Frameworks/IOKit.framework/Versions/A/IOKit
0x000000000267f000 	/usr/lib/libDiagnosticMessagesClient.dylib
0x000000000267f000 	/System/Library/Frameworks/CoreServices.framework/Versions/A/CoreServices
0x000000000267f000 	/System/Library/PrivateFrameworks/PerformanceAnalysis.framework/Versions/A/PerformanceAnalysis
0x000000000267f000 	/System/Library/PrivateFrameworks/GenerationalStorage.framework/Versions/A/GenerationalStorage
0x000000000267f000 	/System/Library/Frameworks/OpenGL.framework/Versions/A/OpenGL
0x000000000267f000 	/System/Library/PrivateFrameworks/Sharing.framework/Versions/A/Sharing
0x000000000267f000 	/System/Library/Frameworks/ImageIO.framework/Versions/A/ImageIO
0x000000000267f000 	/System/Library/Frameworks/CoreText.framework/Versions/A/CoreText
0x000000000267f000 	/System/Library/Frameworks/CoreGraphics.framework/Versions/A/CoreGraphics
0x000000000267f000 	/System/Library/PrivateFrameworks/Backup.framework/Versions/A/Backup
0x000000000267f000 	/System/Library/Frameworks/CFNetwork.framework/Versions/A/CFNetwork
0x000000000267f000 	/System/Library/Frameworks/SystemConfiguration.framework/Versions/A/SystemConfiguration
0x000000000267f000 	/usr/lib/libCRFSuite.dylib
0x000000000267f000 	/usr/lib/libc++.1.dylib
0x000000000267f000 	/usr/lib/libc++abi.dylib
0x000000000267f000 	/usr/lib/system/libcache.dylib
0x000000000267f000 	/usr/lib/system/libcommonCrypto.dylib
0x000000000267f000 	/usr/lib/system/libcompiler_rt.dylib
0x000000000267f000 	/usr/lib/system/libcopyfile.dylib
0x000000000267f000 	/usr/lib/system/libcorecrypto.dylib
0x000000000267f000 	/usr/lib/system/libdispatch.dylib
0x000000000267f000 	/usr/lib/system/libdyld.dylib
0x000000000267f000 	/usr/lib/system/libkeymgr.dylib
0x000000000267f000 	/usr/lib/system/liblaunch.dylib
0x000000000267f000 	/usr/lib/system/libmacho.dylib
0x000000000267f000 	/usr/lib/system/libquarantine.dylib
0x000000000267f000 	/usr/lib/system/libremovefile.dylib
0x000000000267f000 	/usr/lib/system/libsystem_asl.dylib
0x000000000267f000 	/usr/lib/system/libsystem_blocks.dylib
0x000000000267f000 	/usr/lib/system/libsystem_c.dylib
0x000000000267f000 	/usr/lib/system/libsystem_configuration.dylib
0x000000000267f000 	/usr/lib/system/libsystem_dnssd.dylib
0x000000000267f000 	/usr/lib/system/libsystem_info.dylib
0x000000000267f000 	/usr/lib/system/libsystem_kernel.dylib
0x000000000267f000 	/usr/lib/system/libsystem_m.dylib
0x000000000267f000 	/usr/lib/system/libsystem_malloc.dylib
0x000000000267f000 	/usr/lib/system/libsystem_network.dylib
0x000000000267f000 	/usr/lib/system/libsystem_notify.dylib
0x000000000267f000 	/usr/lib/system/libsystem_platform.dylib
0x000000000267f000 	/usr/lib/system/libsystem_pthread.dylib
0x000000000267f000 	/usr/lib/system/libsystem_sandbox.dylib
0x000000000267f000 	/usr/lib/system/libsystem_stats.dylib
0x000000000267f000 	/usr/lib/system/libunc.dylib
0x000000000267f000 	/usr/lib/system/libunwind.dylib
0x000000000267f000 	/usr/lib/system/libxpc.dylib
0x000000000267f000 	/usr/lib/libbsm.0.dylib
0x000000000267f000 	/usr/lib/libsqlite3.dylib
0x000000000267f000 	/usr/lib/libxar.1.dylib
0x000000000267f000 	/usr/lib/libpam.2.dylib
0x000000000267f000 	/usr/lib/libOpenScriptingUtil.dylib
0x000000000267f000 	/usr/lib/libbz2.1.0.dylib
0x000000000267f000 	/System/Library/Frameworks/CoreServices.framework/Versions/A/Frameworks/CarbonCore.framework/Versions/A/CarbonCore
0x000000000267f000 	/System/Library/Frameworks/CoreServices.framework/Versions/A/Frameworks/Metadata.framework/Versions/A/Metadata
0x000000000267f000 	/System/Library/Frameworks/CoreServices.framework/Versions/A/Frameworks/OSServices.framework/Versions/A/OSServices
0x000000000267f000 	/System/Library/Frameworks/CoreServices.framework/Versions/A/Frameworks/SearchKit.framework/Versions/A/SearchKit
0x000000000267f000 	/System/Library/Frameworks/CoreServices.framework/Versions/A/Frameworks/AE.framework/Versions/A/AE
0x000000000267f000 	/System/Library/Frameworks/CoreServices.framework/Versions/A/Frameworks/LaunchServices.framework/Versions/A/LaunchServices
0x000000000267f000 	/System/Library/Frameworks/CoreServices.framework/Versions/A/Frameworks/DictionaryServices.framework/Versions/A/DictionaryServices
0x000000000267f000 	/System/Library/Frameworks/NetFS.framework/Versions/A/NetFS
0x000000000267f000 	/usr/lib/system/libkxld.dylib
0x000000000267f000 	/System/Library/PrivateFrameworks/NetAuth.framework/Versions/A/NetAuth
0x000000000267f000 	/System/Library/PrivateFrameworks/TCC.framework/Versions/A/TCC
0x000000000267f000 	/System/Library/Frameworks/OpenDirectory.framework/Versions/A/Frameworks/CFOpenDirectory.framework/Versions/A/CFOpenDirectory
0x000000000267f000 	/System/Library/Frameworks/ServiceManagement.framework/Versions/A/ServiceManagement
0x000000000267f000 	/usr/lib/libxslt.1.dylib
0x000000000267f000 	/System/Library/Frameworks/Carbon.framework/Versions/A/Frameworks/Ink.framework/Versions/A/Ink
0x000000000267f000 	/System/Library/Frameworks/ApplicationServices.framework/Versions/A/Frameworks/ATS.framework/Versions/A/ATS
0x000000000267f000 	/System/Library/Frameworks/ApplicationServices.framework/Versions/A/Frameworks/ColorSync.framework/Versions/A/ColorSync
0x000000000267f000 	/System/Library/Frameworks/ApplicationServices.framework/Versions/A/Frameworks/HIServices.framework/Versions/A/HIServices
0x000000000267f000 	/System/Library/Frameworks/ApplicationServices.framework/Versions/A/Frameworks/LangAnalysis.framework/Versions/A/LangAnalysis
0x000000000267f000 	/System/Library/Frameworks/ApplicationServices.framework/Versions/A/Frameworks/PrintCore.framework/Versions/A/PrintCore
0x000000000267f000 	/System/Library/Frameworks/ApplicationServices.framework/Versions/A/Frameworks/QD.framework/Versions/A/QD
0x000000000267f000 	/System/Library/Frameworks/ApplicationServices.framework/Versions/A/Frameworks/SpeechSynthesis.framework/Versions/A/SpeechSynthesis
0x000000000267f000 	/System/Library/Frameworks/IOSurface.framework/Versions/A/IOSurface
0x000000000267f000 	/System/Library/Frameworks/Accelerate.framework/Versions/A/Accelerate
0x000000000267f000 	/System/Library/Frameworks/Accelerate.framework/Versions/A/Frameworks/vImage.framework/Versions/A/vImage
0x000000000267f000 	/System/Library/Frameworks/Accelerate.framework/Versions/A/Frameworks/vecLib.framework/Versions/A/vecLib
0x000000000267f000 	/System/Library/Frameworks/Accelerate.framework/Versions/A/Frameworks/vecLib.framework/Versions/A/libvDSP.dylib
0x000000000267f000 	/System/Library/Frameworks/Accelerate.framework/Versions/A/Frameworks/vecLib.framework/Versions/A/libvMisc.dylib
0x000000000267f000 	/System/Library/Frameworks/Accelerate.framework/Versions/A/Frameworks/vecLib.framework/Versions/A/libLAPACK.dylib
0x000000000267f000 	/System/Library/Frameworks/Accelerate.framework/Versions/A/Frameworks/vecLib.framework/Versions/A/libBLAS.dylib
0x000000000267f000 	/System/Library/Frameworks/ApplicationServices.framework/Versions/A/Frameworks/ATS.framework/Versions/A/Resources/libFontParser.dylib
0x000000000267f000 	/System/Library/Frameworks/ApplicationServices.framework/Versions/A/Frameworks/ATS.framework/Versions/A/Resources/libFontRegistry.dylib
0x000000000267f000 	/System/Library/Frameworks/ImageIO.framework/Versions/A/Resources/libJPEG.dylib
0x000000000267f000 	/System/Library/Frameworks/ImageIO.framework/Versions/A/Resources/libTIFF.dylib
0x000000000267f000 	/System/Library/Frameworks/ImageIO.framework/Versions/A/Resources/libPng.dylib
0x000000000267f000 	/System/Library/Frameworks/ImageIO.framework/Versions/A/Resources/libGIF.dylib
0x000000000267f000 	/System/Library/Frameworks/ImageIO.framework/Versions/A/Resources/libJP2.dylib
0x000000000267f000 	/System/Library/Frameworks/ImageIO.framework/Versions/A/Resources/libRadiance.dylib
0x000000000267f000 	/usr/lib/libcups.2.dylib
0x000000000267f000 	/System/Library/Frameworks/Kerberos.framework/Versions/A/Kerberos
0x000000000267f000 	/System/Library/Frameworks/GSS.framework/Versions/A/GSS
0x000000000267f000 	/usr/lib/libresolv.9.dylib
0x000000000267f000 	/usr/lib/libiconv.2.dylib
0x000000000267f000 	/System/Library/PrivateFrameworks/Heimdal.framework/Versions/A/Heimdal
0x000000000267f000 	/System/Library/PrivateFrameworks/TrustEvaluationAgent.framework/Versions/A/TrustEvaluationAgent
0x000000000267f000 	/usr/lib/libheimdal-asn1.dylib
0x000000000267f000 	/System/Library/Frameworks/OpenDirectory.framework/Versions/A/OpenDirectory
0x000000000267f000 	/System/Library/PrivateFrameworks/CommonAuth.framework/Versions/A/CommonAuth
0x000000000267f000 	/System/Library/Frameworks/SecurityFoundation.framework/Versions/A/SecurityFoundation
0x000000000267f000 	/System/Library/PrivateFrameworks/Bom.framework/Versions/A/Bom
0x000000000267f000 	/System/Library/Frameworks/CoreVideo.framework/Versions/A/CoreVideo
0x000000000267f000 	/System/Library/Frameworks/QuartzCore.framework/Versions/A/Frameworks/CoreImage.framework/Versions/A/CoreImage
0x000000000267f000 	/System/Library/Frameworks/QuartzCore.framework/Versions/A/Frameworks/ScalableUserInterface.framework/Versions/A/ScalableUserInterface
0x000000000267f000 	/System/Library/Frameworks/OpenGL.framework/Versions/A/Libraries/libGLU.dylib
0x000000000267f000 	/System/Library/Frameworks/OpenGL.framework/Versions/A/Libraries/libGFXShared.dylib
0x000000000267f000 	/System/Library/Frameworks/OpenGL.framework/Versions/A/Libraries/libGL.dylib
0x000000000267f000 	/System/Library/Frameworks/OpenGL.framework/Versions/A/Libraries/libGLImage.dylib
0x000000000267f000 	/System/Library/Frameworks/OpenGL.framework/Versions/A/Libraries/libCVMSPluginSupport.dylib
0x000000000267f000 	/System/Library/Frameworks/OpenGL.framework/Versions/A/Libraries/libCoreVMClient.dylib
0x000000000267f000 	/System/Library/PrivateFrameworks/FaceCore.framework/Versions/A/FaceCore
0x000000000267f000 	/System/Library/PrivateFrameworks/CrashReporterSupport.framework/Versions/A/CrashReporterSupport
0x000000000267f000 	/System/Library/Frameworks/OpenCL.framework/Versions/A/OpenCL
0x000000000267f000 	/System/Library/PrivateFrameworks/AppleFSCompression.framework/Versions/A/AppleFSCompression
0x000000000267f000 	/System/Library/PrivateFrameworks/Ubiquity.framework/Versions/A/Ubiquity
0x000000000267f000 	/System/Library/PrivateFrameworks/IconServices.framework/Versions/A/IconServices
0x000000000267f000 	/System/Library/PrivateFrameworks/ChunkingLibrary.framework/Versions/A/ChunkingLibrary
0x000000000267f000 	/System/Library/PrivateFrameworks/CoreSymbolication.framework/Versions/A/CoreSymbolication
0x000000000267f000 	/System/Library/PrivateFrameworks/Symbolication.framework/Versions/A/Symbolication
0x000000000267f000 	/System/Library/PrivateFrameworks/DebugSymbols.framework/Versions/A/DebugSymbols
0x0000000108e00000 	/Users/ggrousset/Desktop/jdk1.8.0.jdk/Contents/Home/jre/lib/server/libjvm.dylib
0x000000000267f000 	/usr/lib/libstdc++.6.dylib
0x0000000107d1c000 	/Users/ggrousset/Desktop/jdk1.8.0.jdk/Contents/Home/jre/lib/libverify.dylib
0x0000000107d2a000 	/Users/ggrousset/Desktop/jdk1.8.0.jdk/Contents/Home/jre/lib/libjava.dylib
0x0000000107d68000 	/Users/ggrousset/Desktop/jdk1.8.0.jdk/Contents/Home/jre/lib/libzip.dylib
0x0000000107de2000 	/System/Library/Frameworks/JavaVM.framework/Frameworks/JavaRuntimeSupport.framework/JavaRuntimeSupport
0x0000000120e4f000 	/System/Library/Frameworks/JavaVM.framework/Versions/A/Frameworks/JavaNativeFoundation.framework/Versions/A/JavaNativeFoundation
0x0000000120e64000 	/System/Library/Frameworks/JavaVM.framework/Versions/A/JavaVM
0x000000000267f000 	/System/Library/Frameworks/Carbon.framework/Versions/A/Carbon
0x0000000120e71000 	/System/Library/PrivateFrameworks/JavaLaunching.framework/Versions/A/JavaLaunching
0x000000000267f000 	/System/Library/Frameworks/Carbon.framework/Versions/A/Frameworks/CommonPanels.framework/Versions/A/CommonPanels
0x000000000267f000 	/System/Library/Frameworks/Carbon.framework/Versions/A/Frameworks/Help.framework/Versions/A/Help
0x000000000267f000 	/System/Library/Frameworks/Carbon.framework/Versions/A/Frameworks/ImageCapture.framework/Versions/A/ImageCapture
0x000000000267f000 	/System/Library/Frameworks/Carbon.framework/Versions/A/Frameworks/OpenScripting.framework/Versions/A/OpenScripting
0x000000000267f000 	/System/Library/Frameworks/Carbon.framework/Versions/A/Frameworks/Print.framework/Versions/A/Print
0x000000000267f000 	/System/Library/Frameworks/Carbon.framework/Versions/A/Frameworks/SecurityHI.framework/Versions/A/SecurityHI
0x0000000121889000 	/Users/ggrousset/Desktop/jdk1.8.0.jdk/Contents/Home/jre/lib/libprism_es2.dylib
0x000000000267f000 	/System/Library/Frameworks/OpenGL.framework/Versions/A/Resources/GLEngine.bundle/GLEngine
0x000000000267f000 	/System/Library/Frameworks/OpenGL.framework/Versions/A/Libraries/libGLProgrammability.dylib
0x0000000000000000 	/System/Library/Extensions/GeForceGLDriver.bundle/Contents/MacOS/GeForceGLDriver
0x000000000267f000 	/System/Library/PrivateFrameworks/IOAccelerator.framework/Versions/A/IOAccelerator
0x000000000267f000 	/System/Library/PrivateFrameworks/GPUSupport.framework/Versions/A/Libraries/libGPUSupportMercury.dylib
0x000000000267f000 	/System/Library/Extensions/GeForceGLDriver.bundle/Contents/MacOS/libclh.dylib
0x0000000000000000 	/System/Library/Extensions/AppleIntelHD4000GraphicsGLDriver.bundle/Contents/MacOS/AppleIntelHD4000GraphicsGLDriver
0x000000000267f000 	/System/Library/Frameworks/OpenGL.framework/Versions/A/Resources/GLRendererFloat.bundle/GLRendererFloat
0x000000000267f000 	/System/Library/Frameworks/OpenCL.framework/Versions/A/Libraries/libcldcpuengine.dylib
0x000000000267f000 	/System/Library/PrivateFrameworks/DiskImages.framework/Versions/A/DiskImages
0x000000000267f000 	/System/Library/Frameworks/DiscRecording.framework/Versions/A/DiscRecording
0x000000000267f000 	/usr/lib/libcsfde.dylib
0x000000000267f000 	/usr/lib/libcurl.4.dylib
0x000000000267f000 	/System/Library/PrivateFrameworks/MediaKit.framework/Versions/A/MediaKit
0x000000000267f000 	/usr/lib/libCoreStorage.dylib
0x000000000267f000 	/System/Library/PrivateFrameworks/EFILogin.framework/Versions/A/EFILogin
0x000000000267f000 	/usr/lib/libutil.dylib
0x000000000267f000 	/System/Library/PrivateFrameworks/AOSNotification.framework/Versions/A/AOSNotification
0x000000000267f000 	/System/Library/Frameworks/LDAP.framework/Versions/A/LDAP
0x000000000267f000 	/usr/lib/libsasl2.2.dylib
0x000000000267f000 	/usr/lib/libcrypto.0.9.8.dylib
0x000000000267f000 	/usr/lib/libssl.0.9.8.dylib
0x0000000122351000 	/Users/ggrousset/Desktop/jdk1.8.0.jdk/Contents/Home/jre/lib/libglass.dylib
0x000000000267f000 	/System/Library/PrivateFrameworks/CoreServicesInternal.framework/Versions/A/CoreServicesInternal
0x000000000267f000 	/System/Library/PrivateFrameworks/Librarian.framework/Versions/A/Librarian
0x000000000267f000 	/System/Library/CoreServices/RawCamera.bundle/Contents/MacOS/RawCamera
0x000000000267f000 	/System/Library/Frameworks/CoreGraphics.framework/Versions/A/Resources/libCGCMS.A.dylib
0x000000000267f000 	/System/Library/Frameworks/CoreGraphics.framework/Versions/A/Resources/libRIP.A.dylib
0x000000000267f000 	/System/Library/PrivateFrameworks/FamilyControls.framework/Versions/A/FamilyControls
0x000000000267f000 	/System/Library/PrivateFrameworks/CommerceKit.framework/Versions/A/Frameworks/CommerceCore.framework/Versions/A/CommerceCore
0x000000000267f000 	/System/Library/PrivateFrameworks/SystemAdministration.framework/Versions/A/SystemAdministration
0x000000000267f000 	/System/Library/Frameworks/DirectoryService.framework/Versions/A/DirectoryService
0x000000000267f000 	/System/Library/PrivateFrameworks/LoginUIKit.framework/Versions/A/Frameworks/LoginUICore.framework/Versions/A/LoginUICore
0x000000000267f000 	/usr/lib/libodfde.dylib
0x000000000267f000 	/System/Library/Frameworks/CoreGraphics.framework/Versions/A/Resources/libCGXType.A.dylib
0x00000001287d8000 	/Users/ggrousset/Desktop/jdk1.8.0.jdk/Contents/Home/jre/lib/libnet.dylib
0x0000000123c56000 	/Users/ggrousset/Desktop/jdk1.8.0.jdk/Contents/Home/jre/lib/libjavafx_font.dylib
0x000000012a736000 	/Users/ggrousset/Desktop/jdk1.8.0.jdk/Contents/Home/jre/lib/libjfxwebkit.dylib
0x0000000123be9000 	/Users/ggrousset/Desktop/jdk1.8.0.jdk/Contents/Home/jre/lib/libnio.dylib
0x0000000127ca3000 	cl_kernels
0x000000012e00e000 	/System/Library/Frameworks/OpenCL.framework/Versions/A/Libraries/ImageFormats/unorm8_bgra.dylib
0x0000000127d08000 	cl_kernels
0x0000000127d55000 	cl_kernels
0x0000000127f8e000 	cl_kernels
0x000000012e805000 	/System/Library/Frameworks/OpenCL.framework/Versions/A/Libraries/ImageFormats/unorm8_argb.dylib
0x0000000128191000 	/Users/ggrousset/Desktop/jdk1.8.0.jdk/Contents/Home/jre/lib/libprism_common.dylib
0x000000000267f000 	/System/Library/PrivateFrameworks/Shortcut.framework/Versions/A/Shortcut
0x000000000267f000 	/System/Library/PrivateFrameworks/HelpData.framework/Versions/A/HelpData
0x000000000267f000 	/usr/lib/libtidy.A.dylib
0x000000000267f000 	/System/Library/Frameworks/CoreGraphics.framework/Versions/A/Resources/libCGXCoreImage.A.dylib
0x00000001288c4000 	cl_kernels

VM Arguments:
java_command: com.backelite.shift.MainApp
java_class_path (initial): /Users/ggrousset/Projets/shift/target/classes:/Users/ggrousset/.m2/repository/com/miglayout/miglayout-javafx/4.2/miglayout-javafx-4.2.jar:/Users/ggrousset/.m2/repository/com/miglayout/miglayout-core/4.2/miglayout-core-4.2.jar:/Users/ggrousset/.m2/repository/commons-lang/commons-lang/2.6/commons-lang-2.6.jar:/Users/ggrousset/.m2/repository/commons-io/commons-io/1.0/commons-io-1.0.jar:/Users/ggrousset/.m2/repository/commons-configuration/commons-configuration/1.9/commons-configuration-1.9.jar:/Users/ggrousset/.m2/repository/commons-logging/commons-logging/1.1.1/commons-logging-1.1.1.jar:/Users/ggrousset/.m2/repository/commons-httpclient/commons-httpclient/3.1/commons-httpclient-3.1.jar:/Users/ggrousset/.m2/repository/commons-codec/commons-codec/1.2/commons-codec-1.2.jar:/Users/ggrousset/.m2/repository/org/apache/ant/ant-compress/1.3/ant-compress-1.3.jar:/Users/ggrousset/.m2/repository/org/apache/ant/ant/1.9.3/ant-1.9.3.jar:/Users/ggrousset/.m2/repository/org/apache/ant/ant-launcher/1.9.3/ant-launcher-1.9.3.jar:/Users/ggrousset/.m2/repository/org/apache/commons/commons-compress/1.6/commons-compress-1.6.jar:/Users/ggrousset/.m2/repository/org/tukaani/xz/1.4/xz-1.4.jar:/Users/ggrousset/.m2/repository/org/codehaus/jackson/jackson-core-asl/1.9.12/jackson-core-asl-1.9.12.jar:/Users/ggrousset/.m2/repository/org/codehaus/jackson/jackson-mapper-asl/1.9.12/jackson-mapper-asl-1.9.12.jar:/Users/ggrousset/.m2/repository/org/slf4j/slf4j-api/1.6.1/slf4j-api-1.6.1.jar:/Users/ggrousset/.m2/repository/org/slf4j/jcl-over-slf4j/1.6.1/jcl-over-slf4j-1.6.1.jar:/Users/ggrousset/.m2/repository/org/slf4j/slf4j-log4j12/1.6.1/slf4j-log4j12-1.6.1.jar:/Users/ggrousset/.m2/repository/log4j/log4j/1.2.16/log4j-1.2.16.jar:/Users/ggrousset/.m2/repository/org/codehaus/groovy/groovy-all/2.1.3/groovy-all-2.1.3.jar:/Users/ggrousset/.m2/repository/groovytools/builder/metabuilder/2.0.0/metabuilder-2.0.0.jar:/Users/ggrousset/.m2/repository/org/eclipse/jetty/jetty-webapp/9.0.3.v20
Launcher Type: SUN_STANDARD

Environment Variables:
JAVA_HOME=/Users/ggrousset/Desktop/jdk1.8.0.jdk/Contents/Home
PATH=/usr/bin:/bin:/usr/sbin:/sbin
LD_LIBRARY_PATH=/System/Library/Frameworks/JavaVM.framework/Versions/1.6/Home/jre/lib/amd64:/System/Library/Frameworks/JavaVM.framework/Versions/1.6/Home/jre/lib/i386:
SHELL=/bin/bash

Signal Handlers:
SIGSEGV: [libjvm.dylib+0x55ef5f], sa_mask[0]=0xfffefeff, sa_flags=0x00000043
SIGBUS: [libjvm.dylib+0x55ef5f], sa_mask[0]=0xfffefeff, sa_flags=0x00000042
SIGFPE: [libjvm.dylib+0x4424c2], sa_mask[0]=0xfffefeff, sa_flags=0x00000042
SIGPIPE: [libjvm.dylib+0x4424c2], sa_mask[0]=0xfffefeff, sa_flags=0x00000042
SIGXFSZ: [libjvm.dylib+0x4424c2], sa_mask[0]=0xfffefeff, sa_flags=0x00000042
SIGILL: [libjvm.dylib+0x4424c2], sa_mask[0]=0xfffefeff, sa_flags=0x00000042
SIGUSR1: SIG_DFL, sa_mask[0]=0x00000000, sa_flags=0x00000002
SIGUSR2: [libjvm.dylib+0x441fe0], sa_mask[0]=0x00000004, sa_flags=0x00000042
SIGHUP: [libjvm.dylib+0x44036d], sa_mask[0]=0xfffefeff, sa_flags=0x00000042
SIGINT: SIG_IGN, sa_mask[0]=0x00000000, sa_flags=0x00000000
SIGTERM: [libjvm.dylib+0x44036d], sa_mask[0]=0xfffefeff, sa_flags=0x00000042
SIGQUIT: [libjvm.dylib+0x44036d], sa_mask[0]=0xfffefeff, sa_flags=0x00000042


---------------  S Y S T E M  ---------------

OS:Bsduname:Darwin 13.0.0 Darwin Kernel Version 13.0.0: Thu Sep 19 22:22:27 PDT 2013; root:xnu-2422.1.72~6/RELEASE_X86_64 x86_64
rlimit: STACK 8192k, CORE 0k, NPROC 709, NOFILE 10240, AS infinity
load average:2.04 1.42 0.68

CPU:total 8 (4 cores per cpu, 2 threads per core) family 6 model 58 stepping 9, cmov, cx8, fxsr, mmx, sse, sse2, sse3, ssse3, sse4.1, sse4.2, popcnt, avx, aes, clmul, erms, ht, tsc, tscinvbit

Memory: 4k page, physical 8388608k(397764k free)

/proc/meminfo:


vm_info: Java HotSpot(TM) 64-Bit Server VM (25.0-b66) for bsd-amd64 JRE (1.8.0-ea-b124), built on Jan 19 2014 17:37:42 by "java_re" with gcc 4.2.1 (Based on Apple Inc. build 5658) (LLVM build 2336.11.00)

time: Mon Feb  3 13:07:47 2014
elapsed time: 17 seconds

