#
# A fatal error has been detected by the Java Runtime Environment:
#
#  SIGSEGV (0xb) at pc=0x000000012312b940, pid=4050, tid=3335
#
# JRE version: Java(TM) SE Runtime Environment (8.0-b123) (build 1.8.0-ea-b123)
# Java VM: Java HotSpot(TM) 64-Bit Server VM (25.0-b65 mixed mode bsd-amd64 compressed oops)
# Problematic frame:
# C  [libjfxwebkit.dylib+0x817940]  Java_com_sun_webkit_dom_EventListenerImpl_twkDispatchEvent+0x458fe0
#
# Failed to write core dump. Core dumps have been disabled. To enable core dumping, try "ulimit -c unlimited" before starting Java again
#
# If you would like to submit a bug report, please visit:
#   http://bugreport.sun.com/bugreport/crash.jsp
# The crash happened outside the Java Virtual Machine in native code.
# See problematic frame for where to report the bug.
#

---------------  T H R E A D  ---------------

Current thread (0x00007ff5f0058000):  JavaThread "JavaFX Application Thread" [_thread_in_native, id=3335, stack(0x00007fff5ee85000,0x00007fff5f685000)]

siginfo:si_signo=SIGSEGV: si_errno=0, si_code=1 (SEGV_MAPERR), si_addr=0x0000000000000000

Registers:
RAX=0x00007ff5f21f9398, RBX=0x000000000000000c, RCX=0x000000000000000c, RDX=0x00007ff5f21f9398
RSP=0x00007fff5f67d580, RBP=0x00007fff5f67d6e0, RSI=0x00007fff5f67d708, RDI=0x0000000000000000
R8 =0x0000000000000020, R9 =0x00007ff5f2877000, R10=0xb1954af073a5ff73, R11=0x00007ff5ebc3cbf0
R12=0x0000000000000000, R13=0x00007ff5f00581e0, R14=0x00007ff5f21f9398, R15=0x00007fff5f67d708
RIP=0x000000012312b940, EFLAGS=0x0000000000010202, ERR=0x0000000000000004
  TRAPNO=0x000000000000000e

Top of Stack: (sp=0x00007fff5f67d580)
0x00007fff5f67d580:   0000000000001005 00000001005b1c00
0x00007fff5f67d590:   000000010059ac00 0000000100000002
0x00007fff5f67d5a0:   ff80000000001005 00007fff9397ffff
0x00007fff5f67d5b0:   00000001005c4000 0000000000000000
0x00007fff5f67d5c0:   0000000000000013 00007ff5ebc5f3e0
0x00007fff5f67d5d0:   0000000000000400 0000000100594000
0x00007fff5f67d5e0:   00007fff5f67d610 00007fff9397387c
0x00007fff5f67d5f0:   00000001005c4000 0000000000000400
0x00007fff5f67d600:   0000000000000010 00007ff5ec013800
0x00007fff5f67d610:   000000000000001d 00000001ec0139d0
0x00007fff5f67d620:   000000000000000c 00007ff5ec013800
0x00007fff5f67d630:   0000000000000013 00000001ebc5f3e0
0x00007fff5f67d640:   000000000000000e 00007ff5ec013800
0x00007fff5f67d650:   00000000000000c8 00007ff5ec013800
0x00007fff5f67d660:   000000000000002d 00000000000002d0
0x00007fff5f67d670:   000000008e921efd 0000000000000000
0x00007fff5f67d680:   00007fff5f67d690 000000012368c676
0x00007fff5f67d690:   00007fff5f67d6e0 0000000123123ab5
0x00007fff5f67d6a0:   00007ff5f21f9400 00007ff5f210a100
0x00007fff5f67d6b0:   0000003f5f67d6e0 00007ff5f2877000
0x00007fff5f67d6c0:   00000000000000c8 00007ff5f00581e0
0x00007fff5f67d6d0:   000000000000000c 00007fff5f67d810
0x00007fff5f67d6e0:   00007fff5f67d800 0000000123120fdd
0x00007fff5f67d6f0:   00007ff5f28772b8 00007ff5f21f9398
0x00007fff5f67d700:   000000010059ac00 00007ff5ebc5f630
0x00007fff5f67d710:   ff80000000001005 00007ff5ec00ffff
0x00007fff5f67d720:   00007fff5f67d770 0000000000000000
0x00007fff5f67d730:   00000000000000c8 00007ff5f00581e0
0x00007fff5f67d740:   0000000000000010 0000000100594000
0x00007fff5f67d750:   00007fff5f67d780 00007fff9397387c
0x00007fff5f67d760:   00000001005c4000 0000000000000010
0x00007fff5f67d770:   0000000000000001 00007fff5f67d810 

Instructions: (pc=0x000000012312b940)
0x000000012312b920:   55 48 89 e5 41 57 41 56 41 55 41 54 53 48 81 ec
0x000000012312b930:   38 01 00 00 48 89 cb 49 89 d6 49 89 f7 49 89 fc
0x000000012312b940:   49 8b 04 24 48 8b b8 70 02 00 00 be 3a 00 00 00
0x000000012312b950:   e8 4d a9 07 00 49 8b 3c 24 48 83 c7 28 e8 ac 0f 

Register to memory mapping:

RAX=0x00007ff5f21f9398 is an unknown value
RBX=0x000000000000000c is an unknown value
RCX=0x000000000000000c is an unknown value
RDX=0x00007ff5f21f9398 is an unknown value
RSP=0x00007fff5f67d580 is pointing into the stack for thread: 0x00007ff5f0058000
RBP=0x00007fff5f67d6e0 is pointing into the stack for thread: 0x00007ff5f0058000
RSI=0x00007fff5f67d708 is pointing into the stack for thread: 0x00007ff5f0058000
RDI=0x0000000000000000 is an unknown value
R8 =0x0000000000000020 is an unknown value
R9 =0x00007ff5f2877000 is an unknown value
R10=0xb1954af073a5ff73 is an unknown value
R11=0x00007ff5ebc3cbf0 is an unknown value
R12=0x0000000000000000 is an unknown value
R13=0x00007ff5f00581e0 is an unknown value
R14=0x00007ff5f21f9398 is an unknown value
R15=0x00007fff5f67d708 is pointing into the stack for thread: 0x00007ff5f0058000


Stack: [0x00007fff5ee85000,0x00007fff5f685000],  sp=0x00007fff5f67d580,  free space=8161k
Native frames: (J=compiled Java code, j=interpreted, Vv=VM code, C=native code)
C  [libjfxwebkit.dylib+0x817940]  Java_com_sun_webkit_dom_EventListenerImpl_twkDispatchEvent+0x458fe0
C  [libjfxwebkit.dylib+0x80cfdd]  Java_com_sun_webkit_dom_EventListenerImpl_twkDispatchEvent+0x44e67d
C  [libjfxwebkit.dylib+0x7f8b4f]  Java_com_sun_webkit_dom_EventListenerImpl_twkDispatchEvent+0x43a1ef
C  [libjfxwebkit.dylib+0x84034e]  Java_com_sun_webkit_dom_EventListenerImpl_twkDispatchEvent+0x4819ee
C  [libjfxwebkit.dylib+0x953195]  Java_com_sun_webkit_network_URLLoader_twkDidReceiveResponse+0x75
j  com.sun.webkit.network.URLLoader.twkDidReceiveResponse(ILjava/lang/String;Ljava/lang/String;JLjava/lang/String;Ljava/lang/String;J)V+0
j  com.sun.webkit.network.URLLoader.notifyDidReceiveResponse(ILjava/lang/String;Ljava/lang/String;JLjava/lang/String;Ljava/lang/String;)V+91
j  com.sun.webkit.network.URLLoader.access$1000(Lcom/sun/webkit/network/URLLoader;ILjava/lang/String;Ljava/lang/String;JLjava/lang/String;Ljava/lang/String;)V+10
j  com.sun.webkit.network.URLLoader$4.run()V+38
j  com.sun.glass.ui.InvokeLaterDispatcher$Future.run()V+4
v  ~StubRoutines::call_stub
V  [libjvm.dylib+0x2c49de]
V  [libjvm.dylib+0x2f9848]
V  [libjvm.dylib+0x2ec4dc]
C  [libglass.dylib+0xaaa3]  -[GlassRunnable run]+0xa3
C  [Foundation+0x640de]  __NSThreadPerformPerform+0xe5
C  [CoreFoundation+0x7f8f1]  __CFRUNLOOP_IS_CALLING_OUT_TO_A_SOURCE0_PERFORM_FUNCTION__+0x11
C  [CoreFoundation+0x71062]  __CFRunLoopDoSources0+0xf2
C  [CoreFoundation+0x707ef]  __CFRunLoopRun+0x33f
C  [CoreFoundation+0x70275]  CFRunLoopRunSpecific+0x135
C  [Foundation+0x69a7c]  -[NSRunLoop(NSRunLoop) runMode:beforeDate:]+0xfd
C  [libglass.dylib+0xa744]  +[GlassApplication enterNestedEventLoopWithEnv:]+0xd4
C  [libglass.dylib+0xce0a]  Java_com_sun_glass_ui_mac_MacApplication__1enterNestedEventLoopImpl+0x7a
j  com.sun.glass.ui.mac.MacApplication._enterNestedEventLoopImpl()Ljava/lang/Object;+0
j  com.sun.glass.ui.mac.MacApplication._enterNestedEventLoop()Ljava/lang/Object;+15
j  com.sun.glass.ui.Application.enterNestedEventLoop()Ljava/lang/Object;+14
j  com.sun.glass.ui.EventLoop.enter()Ljava/lang/Object;+42
j  com.sun.javafx.tk.quantum.QuantumToolkit.enterNestedEventLoop(Ljava/lang/Object;)Ljava/lang/Object;+90
j  javafx.stage.Stage.showAndWait()V+74
j  com.backelite.shift.gui.MainController.handleHelpMenuAction()V+62
j  com.backelite.shift.gui.MainController.access$1900(Lcom/backelite/shift/gui/MainController;)V+1
j  com.backelite.shift.gui.MainController$22.handle(Ljavafx/event/ActionEvent;)V+4
j  com.backelite.shift.gui.MainController$22.handle(Ljavafx/event/Event;)V+5
j  com.sun.javafx.event.CompositeEventHandler.dispatchBubblingEvent(Ljavafx/event/Event;)V+51
J 3364 C1 com.sun.javafx.event.EventHandlerManager.dispatchBubblingEvent(Ljavafx/event/EventType;Ljavafx/event/Event;)Ljavafx/event/Event; (34 bytes) @ 0x0000000103260a94 [0x0000000103260580+0x514]
j  com.sun.javafx.event.EventHandlerManager.dispatchBubblingEvent(Ljavafx/event/Event;)Ljavafx/event/Event;+8
J 3441 C1 com.sun.javafx.event.BasicEventDispatcher.dispatchEvent(Ljavafx/event/Event;Ljavafx/event/EventDispatchChain;)Ljavafx/event/Event; (44 bytes) @ 0x000000010328f684 [0x000000010328f3c0+0x2c4]
J 3438 C1 com.sun.javafx.event.EventDispatchChainImpl.dispatchEvent(Ljavafx/event/Event;)Ljavafx/event/Event; (101 bytes) @ 0x000000010328cf6c [0x000000010328cdc0+0x1ac]
j  com.sun.javafx.event.EventUtil.fireEventImpl(Ljavafx/event/EventDispatchChain;Ljavafx/event/EventTarget;Ljavafx/event/Event;)Ljavafx/event/Event;+10
j  com.sun.javafx.event.EventUtil.fireEvent(Ljavafx/event/EventTarget;Ljavafx/event/Event;)Ljavafx/event/Event;+37
j  javafx.event.Event.fireEvent(Ljavafx/event/EventTarget;Ljavafx/event/Event;)V+30
j  javafx.scene.control.MenuItem.fire()V+10
j  com.sun.javafx.scene.control.GlobalMenuAdapter$5.handle(Ljavafx/event/ActionEvent;)V+4
j  com.sun.javafx.scene.control.GlobalMenuAdapter$5.handle(Ljavafx/event/Event;)V+5
j  com.sun.javafx.event.CompositeEventHandler.dispatchBubblingEvent(Ljavafx/event/Event;)V+51
J 3364 C1 com.sun.javafx.event.EventHandlerManager.dispatchBubblingEvent(Ljavafx/event/EventType;Ljavafx/event/Event;)Ljavafx/event/Event; (34 bytes) @ 0x0000000103260a94 [0x0000000103260580+0x514]
j  com.sun.javafx.event.EventHandlerManager.dispatchBubblingEvent(Ljavafx/event/Event;)Ljavafx/event/Event;+8
J 3441 C1 com.sun.javafx.event.BasicEventDispatcher.dispatchEvent(Ljavafx/event/Event;Ljavafx/event/EventDispatchChain;)Ljavafx/event/Event; (44 bytes) @ 0x000000010328f684 [0x000000010328f3c0+0x2c4]
J 3438 C1 com.sun.javafx.event.EventDispatchChainImpl.dispatchEvent(Ljavafx/event/Event;)Ljavafx/event/Event; (101 bytes) @ 0x000000010328cf6c [0x000000010328cdc0+0x1ac]
j  com.sun.javafx.event.EventUtil.fireEventImpl(Ljavafx/event/EventDispatchChain;Ljavafx/event/EventTarget;Ljavafx/event/Event;)Ljavafx/event/Event;+10
j  com.sun.javafx.event.EventUtil.fireEvent(Ljavafx/event/EventTarget;Ljavafx/event/Event;)Ljavafx/event/Event;+46
j  javafx.event.Event.fireEvent(Ljavafx/event/EventTarget;Ljavafx/event/Event;)V+30
j  javafx.scene.control.MenuItem.fire()V+10
j  com.sun.javafx.tk.quantum.GlassSystemMenu$6.action()V+70
v  ~StubRoutines::call_stub
V  [libjvm.dylib+0x2c49de]
V  [libjvm.dylib+0x2f9848]
V  [libjvm.dylib+0x2ec4dc]
C  [libglass.dylib+0x15084]  -[GlassMenu action:]+0x84
C  [AppKit+0x2423d0]  -[NSApplication sendAction:to:from:]+0x147
C  [AppKit+0x25d348]  -[NSMenuItem _corePerformAction]+0x18a
C  [AppKit+0x25d084]  -[NSCarbonMenuImpl performActionWithHighlightingForItemAtIndex:]+0x75
C  [AppKit+0x2ac4dd]  -[NSMenu _internalPerformActionForItemAtIndex:]+0x23
C  [AppKit+0x2ac41d]  -[NSCarbonMenuImpl _carbonCommandProcessEvent:handlerCallRef:]+0x12c
C  [AppKit+0x253176]  NSSLMMenuEventHandler+0x2cc
C  [HIToolbox+0x86d4]  _ZL23DispatchEventToHandlersP14EventTargetRecP14OpaqueEventRefP14HandlerCallRec+0x37c
C  [HIToolbox+0x7c87]  _ZL30SendEventToEventTargetInternalP14OpaqueEventRefP20OpaqueEventTargetRefP14HandlerCallRec+0x181
C  [HIToolbox+0x1bd90]  SendEventToEventTarget+0x28
C  [HIToolbox+0x51a30]  _ZL18SendHICommandEventjPK9HICommandjjhPKvP20OpaqueEventTargetRefS5_PP14OpaqueEventRef+0x1a4
C  [HIToolbox+0x84618]  SendMenuCommandWithContextAndModifiers+0x3b
C  [HIToolbox+0x845c4]  SendMenuItemSelectedEvent+0xb2
C  [HIToolbox+0x844a5]  _ZL19FinishMenuSelectionP13SelectionDataP10MenuResultS2_+0x5e
C  [HIToolbox+0x8c425]  _ZL14MenuSelectCoreP8MenuData5PointdjPP13OpaqueMenuRefPt+0x2ce
C  [HIToolbox+0x8c051]  _HandleMenuSelection2+0x1be
C  [AppKit+0x1c579c]  _NSHandleCarbonMenuEvent+0x11c
C  [AppKit+0x2456e]  _DPSNextEvent+0x87a
C  [AppKit+0x238db]  -[NSApplication nextEventMatchingMask:untilDate:inMode:dequeue:]+0x7a
C  [AppKit+0x179cc]  -[NSApplication run]+0x229
C  [libglass.dylib+0xbfb5]  -[GlassApplication runLoop:]+0x6a5
C  [Foundation+0x640de]  __NSThreadPerformPerform+0xe5
C  [CoreFoundation+0x7f8f1]  __CFRUNLOOP_IS_CALLING_OUT_TO_A_SOURCE0_PERFORM_FUNCTION__+0x11
C  [CoreFoundation+0x71062]  __CFRunLoopDoSources0+0xf2
C  [CoreFoundation+0x707ef]  __CFRunLoopRun+0x33f
C  [CoreFoundation+0x70275]  CFRunLoopRunSpecific+0x135
C  [java+0x56cb]  CreateExecutionEnvironment+0x367
C  [java+0x166c]  JLI_Launch+0x7a0
C  [java+0x7689]  main+0x65
C  [java+0xec4]  start+0x34

Java frames: (J=compiled Java code, j=interpreted, Vv=VM code)
j  com.sun.webkit.network.URLLoader.twkDidReceiveResponse(ILjava/lang/String;Ljava/lang/String;JLjava/lang/String;Ljava/lang/String;J)V+0
j  com.sun.webkit.network.URLLoader.notifyDidReceiveResponse(ILjava/lang/String;Ljava/lang/String;JLjava/lang/String;Ljava/lang/String;)V+91
j  com.sun.webkit.network.URLLoader.access$1000(Lcom/sun/webkit/network/URLLoader;ILjava/lang/String;Ljava/lang/String;JLjava/lang/String;Ljava/lang/String;)V+10
j  com.sun.webkit.network.URLLoader$4.run()V+38
j  com.sun.glass.ui.InvokeLaterDispatcher$Future.run()V+4
v  ~StubRoutines::call_stub
j  com.sun.glass.ui.mac.MacApplication._enterNestedEventLoopImpl()Ljava/lang/Object;+0
j  com.sun.glass.ui.mac.MacApplication._enterNestedEventLoop()Ljava/lang/Object;+15
j  com.sun.glass.ui.Application.enterNestedEventLoop()Ljava/lang/Object;+14
j  com.sun.glass.ui.EventLoop.enter()Ljava/lang/Object;+42
j  com.sun.javafx.tk.quantum.QuantumToolkit.enterNestedEventLoop(Ljava/lang/Object;)Ljava/lang/Object;+90
j  javafx.stage.Stage.showAndWait()V+74
j  com.backelite.shift.gui.MainController.handleHelpMenuAction()V+62
j  com.backelite.shift.gui.MainController.access$1900(Lcom/backelite/shift/gui/MainController;)V+1
j  com.backelite.shift.gui.MainController$22.handle(Ljavafx/event/ActionEvent;)V+4
j  com.backelite.shift.gui.MainController$22.handle(Ljavafx/event/Event;)V+5
j  com.sun.javafx.event.CompositeEventHandler.dispatchBubblingEvent(Ljavafx/event/Event;)V+51
J 3364 C1 com.sun.javafx.event.EventHandlerManager.dispatchBubblingEvent(Ljavafx/event/EventType;Ljavafx/event/Event;)Ljavafx/event/Event; (34 bytes) @ 0x0000000103260a94 [0x0000000103260580+0x514]
j  com.sun.javafx.event.EventHandlerManager.dispatchBubblingEvent(Ljavafx/event/Event;)Ljavafx/event/Event;+8
J 3441 C1 com.sun.javafx.event.BasicEventDispatcher.dispatchEvent(Ljavafx/event/Event;Ljavafx/event/EventDispatchChain;)Ljavafx/event/Event; (44 bytes) @ 0x000000010328f684 [0x000000010328f3c0+0x2c4]
J 3438 C1 com.sun.javafx.event.EventDispatchChainImpl.dispatchEvent(Ljavafx/event/Event;)Ljavafx/event/Event; (101 bytes) @ 0x000000010328cf6c [0x000000010328cdc0+0x1ac]
j  com.sun.javafx.event.EventUtil.fireEventImpl(Ljavafx/event/EventDispatchChain;Ljavafx/event/EventTarget;Ljavafx/event/Event;)Ljavafx/event/Event;+10
j  com.sun.javafx.event.EventUtil.fireEvent(Ljavafx/event/EventTarget;Ljavafx/event/Event;)Ljavafx/event/Event;+37
j  javafx.event.Event.fireEvent(Ljavafx/event/EventTarget;Ljavafx/event/Event;)V+30
j  javafx.scene.control.MenuItem.fire()V+10
j  com.sun.javafx.scene.control.GlobalMenuAdapter$5.handle(Ljavafx/event/ActionEvent;)V+4
j  com.sun.javafx.scene.control.GlobalMenuAdapter$5.handle(Ljavafx/event/Event;)V+5
j  com.sun.javafx.event.CompositeEventHandler.dispatchBubblingEvent(Ljavafx/event/Event;)V+51
J 3364 C1 com.sun.javafx.event.EventHandlerManager.dispatchBubblingEvent(Ljavafx/event/EventType;Ljavafx/event/Event;)Ljavafx/event/Event; (34 bytes) @ 0x0000000103260a94 [0x0000000103260580+0x514]
j  com.sun.javafx.event.EventHandlerManager.dispatchBubblingEvent(Ljavafx/event/Event;)Ljavafx/event/Event;+8
J 3441 C1 com.sun.javafx.event.BasicEventDispatcher.dispatchEvent(Ljavafx/event/Event;Ljavafx/event/EventDispatchChain;)Ljavafx/event/Event; (44 bytes) @ 0x000000010328f684 [0x000000010328f3c0+0x2c4]
J 3438 C1 com.sun.javafx.event.EventDispatchChainImpl.dispatchEvent(Ljavafx/event/Event;)Ljavafx/event/Event; (101 bytes) @ 0x000000010328cf6c [0x000000010328cdc0+0x1ac]
j  com.sun.javafx.event.EventUtil.fireEventImpl(Ljavafx/event/EventDispatchChain;Ljavafx/event/EventTarget;Ljavafx/event/Event;)Ljavafx/event/Event;+10
j  com.sun.javafx.event.EventUtil.fireEvent(Ljavafx/event/EventTarget;Ljavafx/event/Event;)Ljavafx/event/Event;+46
j  javafx.event.Event.fireEvent(Ljavafx/event/EventTarget;Ljavafx/event/Event;)V+30
j  javafx.scene.control.MenuItem.fire()V+10
j  com.sun.javafx.tk.quantum.GlassSystemMenu$6.action()V+70
v  ~StubRoutines::call_stub

---------------  P R O C E S S  ---------------

Java Threads: ( => current thread )
  0x00007ff5efb54000 JavaThread "Keep-Alive-Timer" daemon [_thread_blocked, id=65803, stack(0x000000012fb5b000,0x000000012fc5b000)]
  0x00007ff5f03a2000 JavaThread "URL-Loader-6" daemon [_thread_blocked, id=59407, stack(0x000000012fa58000,0x000000012fb58000)]
  0x00007ff5f48c1000 JavaThread "URL-Loader-5" daemon [_thread_blocked, id=64771, stack(0x000000012ef55000,0x000000012f055000)]
  0x00007ff5f48fc800 JavaThread "URL-Loader-4" daemon [_thread_blocked, id=64259, stack(0x000000012eba8000,0x000000012eca8000)]
  0x00007ff5f48b9000 JavaThread "URL-Loader-3" daemon [_thread_blocked, id=63243, stack(0x000000012e71b000,0x000000012e81b000)]
  0x00007ff5f6909000 JavaThread "URL-Loader-2" daemon [_thread_blocked, id=62023, stack(0x0000000124a43000,0x0000000124b43000)]
  0x00007ff5edfa6800 JavaThread "URL-Loader-1" daemon [_thread_blocked, id=61187, stack(0x0000000124779000,0x0000000124879000)]
  0x00007ff5eecf8000 JavaThread "Prism Font Disposer" daemon [_thread_blocked, id=55051, stack(0x0000000125b9a000,0x0000000125c9a000)]
  0x00007ff5f0034800 JavaThread "Watchdog-Timer-1" daemon [_thread_blocked, id=54531, stack(0x0000000121579000,0x0000000121679000)]
  0x00007ff5ed434000 JavaThread "Disposer" daemon [_thread_blocked, id=53767, stack(0x00000001212e0000,0x00000001213e0000)]
  0x00007ff5ef023000 JavaThread "JavaFX-Launcher" [_thread_blocked, id=53255, stack(0x00000001204d2000,0x00000001205d2000)]
  0x00007ff5ee803000 JavaThread "Thread-3" daemon [_thread_in_native, id=38659, stack(0x000000011e0b0000,0x000000011e130000)]
=>0x00007ff5f0058000 JavaThread "JavaFX Application Thread" [_thread_in_native, id=3335, stack(0x00007fff5ee85000,0x00007fff5f685000)]
  0x00007ff5ed853000 JavaThread "Thread-1" daemon [_thread_blocked, id=28423, stack(0x000000011ad45000,0x000000011ae45000)]
  0x00007ff5f0050800 JavaThread "QuantumRenderer-0" daemon [_thread_blocked, id=23555, stack(0x000000011a192000,0x000000011a292000)]
  0x00007ff5ed80e800 JavaThread "Service Thread" daemon [_thread_blocked, id=22531, stack(0x0000000119e85000,0x0000000119f85000)]
  0x00007ff5ec010800 JavaThread "C1 CompilerThread3" daemon [_thread_blocked, id=22019, stack(0x0000000119d82000,0x0000000119e82000)]
  0x00007ff5ec841000 JavaThread "C2 CompilerThread2" daemon [_thread_blocked, id=21507, stack(0x0000000119c7f000,0x0000000119d7f000)]
  0x00007ff5ec00f800 JavaThread "C2 CompilerThread1" daemon [_thread_in_native, id=20995, stack(0x0000000119b7c000,0x0000000119c7c000)]
  0x00007ff5ec00e000 JavaThread "C2 CompilerThread0" daemon [_thread_in_native, id=20483, stack(0x0000000119a79000,0x0000000119b79000)]
  0x00007ff5ec00a000 JavaThread "Signal Dispatcher" daemon [_thread_blocked, id=19971, stack(0x0000000119976000,0x0000000119a76000)]
  0x00007ff5ee800000 JavaThread "Finalizer" daemon [_thread_blocked, id=14595, stack(0x00000001196ba000,0x00000001197ba000)]
  0x00007ff5ec866000 JavaThread "Reference Handler" daemon [_thread_blocked, id=14083, stack(0x00000001195b7000,0x00000001196b7000)]
  0x00007ff5ec803000 JavaThread "main" [_thread_blocked, id=6403, stack(0x0000000100690000,0x0000000100790000)]

Other Threads:
  0x00007ff5ec861000 VMThread [stack: 0x00000001194b4000,0x00000001195b4000] [id=13571]
  0x00007ff5ec842000 WatcherThread [stack: 0x0000000119f88000,0x000000011a088000] [id=23043]

VM state:not at safepoint (normal execution)

VM Mutex/Monitor currently owned by a thread: None

Heap:
 PSYoungGen      total 68608K, used 20718K [0x0000000795580000, 0x000000079a280000, 0x00000007c0000000)
  eden space 59392K, 34% used [0x0000000795580000,0x00000007969572c8,0x0000000798f80000)
  from space 9216K, 4% used [0x0000000799980000,0x00000007999e4930,0x000000079a280000)
  to   space 9728K, 0% used [0x0000000798f80000,0x0000000798f80000,0x0000000799900000)
 ParOldGen       total 33792K, used 22096K [0x0000000740000000, 0x0000000742100000, 0x0000000795580000)
  object space 33792K, 65% used [0x0000000740000000,0x0000000741594380,0x0000000742100000)
 Metaspace       used 33507K, capacity 33836K, committed 34176K, reserved 1079296K
  class space    used 4401K, capacity 4471K, committed 4480K, reserved 1048576K

Card table byte_map: [0x0000000111a7d000,0x0000000111e7e000] byte_map_base: 0x000000010e07d000

Marking Bits: (ParMarkBitMap*) 0x0000000102064ef0
 Begin Bits: [0x0000000112941000, 0x0000000114941000)
 End Bits:   [0x0000000114941000, 0x0000000116941000)

Polling page: 0x00000001007d4000

CodeCache: size=245760Kb used=13253Kb max_used=13860Kb free=232506Kb
 bounds [0x00000001026bd000, 0x000000010345d000, 0x00000001116bd000]
 total_blobs=4961 nmethods=3955 adapters=920
 compilation: enabled

Compilation events (10 events):
Event: 9.841 Thread 0x00007ff5ec010800 4241       3       sun.net.idn.Punycode::adaptBias (55 bytes)
Event: 9.841 Thread 0x00007ff5ec010800 nmethod 4241 0x0000000102949250 code [0x00000001029493c0, 0x00000001029496b0]
Event: 9.841 Thread 0x00007ff5ec010800 4242       3       sun.text.normalizer.NormalizerImpl::getNorm32 (13 bytes)
Event: 9.842 Thread 0x00007ff5ec010800 nmethod 4242 0x00000001028b8450 code [0x00000001028b85c0, 0x00000001028b89f0]
Event: 9.842 Thread 0x00007ff5ec010800 4243       3       sun.text.normalizer.IntTrie::getLeadValue (11 bytes)
Event: 9.842 Thread 0x00007ff5ec010800 nmethod 4243 0x0000000102c2d0d0 code [0x0000000102c2d240, 0x0000000102c2d590]
Event: 9.844 Thread 0x00007ff5ec841000 nmethod 4232 0x0000000102a28510 code [0x0000000102a286a0, 0x0000000102a28c88]
Event: 9.844 Thread 0x00007ff5ec841000 4239   !   4       java.util.regex.Pattern::matcher (44 bytes)
Event: 9.845 Thread 0x00007ff5ec010800 4244       3       sun.util.calendar.ZoneInfo::getOffsets (276 bytes)
Event: 9.846 Thread 0x00007ff5ec010800 nmethod 4244 0x00000001029edf90 code [0x00000001029ee1c0, 0x00000001029eef48]

GC Heap History (10 events):
Event: 9.701 GC heap before
{Heap before GC invocations=28 (full 3):
 PSYoungGen      total 52736K, used 51736K [0x0000000795580000, 0x0000000799600000, 0x00000007c0000000)
  eden space 44032K, 99% used [0x0000000795580000,0x00000007980728f0,0x0000000798080000)
  from space 8704K, 89% used [0x0000000798a00000,0x0000000799193950,0x0000000799280000)
  to   space 9728K, 0% used [0x0000000798080000,0x0000000798080000,0x0000000798a00000)
 ParOldGen       total 26112K, used 17690K [0x0000000740000000, 0x0000000741980000, 0x0000000795580000)
  object space 26112K, 67% used [0x0000000740000000,0x00000007411469d0,0x0000000741980000)
 Metaspace       used 33373K, capacity 33708K, committed 33920K, reserved 1079296K
  class space    used 4380K, capacity 4471K, committed 4480K, reserved 1048576K
Event: 9.704 GC heap after
Heap after GC invocations=28 (full 3):
 PSYoungGen      total 53760K, used 5772K [0x0000000795580000, 0x0000000799d00000, 0x00000007c0000000)
  eden space 44032K, 0% used [0x0000000795580000,0x0000000795580000,0x0000000798080000)
  from space 9728K, 59% used [0x0000000798080000,0x0000000798623398,0x0000000798a00000)
  to   space 10240K, 0% used [0x0000000799300000,0x0000000799300000,0x0000000799d00000)
 ParOldGen       total 26112K, used 17698K [0x0000000740000000, 0x0000000741980000, 0x0000000795580000)
  object space 26112K, 67% used [0x0000000740000000,0x00000007411489d0,0x0000000741980000)
 Metaspace       used 33373K, capacity 33708K, committed 33920K, reserved 1079296K
  class space    used 4380K, capacity 4471K, committed 4480K, reserved 1048576K
}
Event: 9.712 GC heap before
{Heap before GC invocations=29 (full 3):
 PSYoungGen      total 53760K, used 49785K [0x0000000795580000, 0x0000000799d00000, 0x00000007c0000000)
  eden space 44032K, 99% used [0x0000000795580000,0x000000079807b090,0x0000000798080000)
  from space 9728K, 59% used [0x0000000798080000,0x0000000798623398,0x0000000798a00000)
  to   space 10240K, 0% used [0x0000000799300000,0x0000000799300000,0x0000000799d00000)
 ParOldGen       total 26112K, used 17698K [0x0000000740000000, 0x0000000741980000, 0x0000000795580000)
  object space 26112K, 67% used [0x0000000740000000,0x00000007411489d0,0x0000000741980000)
 Metaspace       used 33373K, capacity 33708K, committed 33920K, reserved 1079296K
  class space    used 4380K, capacity 4471K, committed 4480K, reserved 1048576K
Event: 9.716 GC heap after
Heap after GC invocations=29 (full 3):
 PSYoungGen      total 62976K, used 235K [0x0000000795580000, 0x0000000799e80000, 0x00000007c0000000)
  eden space 52736K, 0% used [0x0000000795580000,0x0000000795580000,0x0000000798900000)
  from space 10240K, 2% used [0x0000000799300000,0x000000079933aee8,0x0000000799d00000)
  to   space 10240K, 0% used [0x0000000798900000,0x0000000798900000,0x0000000799300000)
 ParOldGen       total 26112K, used 25320K [0x0000000740000000, 0x0000000741980000, 0x0000000795580000)
  object space 26112K, 96% used [0x0000000740000000,0x00000007418ba250,0x0000000741980000)
 Metaspace       used 33373K, capacity 33708K, committed 33920K, reserved 1079296K
  class space    used 4380K, capacity 4471K, committed 4480K, reserved 1048576K
}
Event: 9.716 GC heap before
{Heap before GC invocations=30 (full 4):
 PSYoungGen      total 62976K, used 235K [0x0000000795580000, 0x0000000799e80000, 0x00000007c0000000)
  eden space 52736K, 0% used [0x0000000795580000,0x0000000795580000,0x0000000798900000)
  from space 10240K, 2% used [0x0000000799300000,0x000000079933aee8,0x0000000799d00000)
  to   space 10240K, 0% used [0x0000000798900000,0x0000000798900000,0x0000000799300000)
 ParOldGen       total 26112K, used 25320K [0x0000000740000000, 0x0000000741980000, 0x0000000795580000)
  object space 26112K, 96% used [0x0000000740000000,0x00000007418ba250,0x0000000741980000)
 Metaspace       used 33373K, capacity 33708K, committed 33920K, reserved 1079296K
  class space    used 4380K, capacity 4471K, committed 4480K, reserved 1048576K
Event: 9.761 GC heap after
Heap after GC invocations=30 (full 4):
 PSYoungGen      total 62976K, used 0K [0x0000000795580000, 0x0000000799e80000, 0x00000007c0000000)
  eden space 52736K, 0% used [0x0000000795580000,0x0000000795580000,0x0000000798900000)
  from space 10240K, 0% used [0x0000000799300000,0x0000000799300000,0x0000000799d00000)
  to   space 10240K, 0% used [0x0000000798900000,0x0000000798900000,0x0000000799300000)
 ParOldGen       total 33792K, used 22096K [0x0000000740000000, 0x0000000742100000, 0x0000000795580000)
  object space 33792K, 65% used [0x0000000740000000,0x0000000741594380,0x0000000742100000)
 Metaspace       used 33373K, capacity 33708K, committed 33920K, reserved 1079296K
  class space    used 4380K, capacity 4471K, committed 4480K, reserved 1048576K
}
Event: 9.771 GC heap before
{Heap before GC invocations=31 (full 4):
 PSYoungGen      total 62976K, used 52658K [0x0000000795580000, 0x0000000799e80000, 0x00000007c0000000)
  eden space 52736K, 99% used [0x0000000795580000,0x00000007988eca88,0x0000000798900000)
  from space 10240K, 0% used [0x0000000799300000,0x0000000799300000,0x0000000799d00000)
  to   space 10240K, 0% used [0x0000000798900000,0x0000000798900000,0x0000000799300000)
 ParOldGen       total 33792K, used 22096K [0x0000000740000000, 0x0000000742100000, 0x0000000795580000)
  object space 33792K, 65% used [0x0000000740000000,0x0000000741594380,0x0000000742100000)
 Metaspace       used 33373K, capacity 33708K, committed 33920K, reserved 1079296K
  class space    used 4380K, capacity 4471K, committed 4480K, reserved 1048576K
Event: 9.772 GC heap after
Heap after GC invocations=31 (full 4):
 PSYoungGen      total 62976K, used 359K [0x0000000795580000, 0x000000079a380000, 0x00000007c0000000)
  eden space 52736K, 0% used [0x0000000795580000,0x0000000795580000,0x0000000798900000)
  from space 10240K, 3% used [0x0000000798900000,0x0000000798959fe0,0x0000000799300000)
  to   space 10240K, 0% used [0x0000000799980000,0x0000000799980000,0x000000079a380000)
 ParOldGen       total 33792K, used 22096K [0x0000000740000000, 0x0000000742100000, 0x0000000795580000)
  object space 33792K, 65% used [0x0000000740000000,0x0000000741594380,0x0000000742100000)
 Metaspace       used 33373K, capacity 33708K, committed 33920K, reserved 1079296K
  class space    used 4380K, capacity 4471K, committed 4480K, reserved 1048576K
}
Event: 9.782 GC heap before
{Heap before GC invocations=32 (full 4):
 PSYoungGen      total 62976K, used 53083K [0x0000000795580000, 0x000000079a380000, 0x00000007c0000000)
  eden space 52736K, 99% used [0x0000000795580000,0x00000007988fce08,0x0000000798900000)
  from space 10240K, 3% used [0x0000000798900000,0x0000000798959fe0,0x0000000799300000)
  to   space 10240K, 0% used [0x0000000799980000,0x0000000799980000,0x000000079a380000)
 ParOldGen       total 33792K, used 22096K [0x0000000740000000, 0x0000000742100000, 0x0000000795580000)
  object space 33792K, 65% used [0x0000000740000000,0x0000000741594380,0x0000000742100000)
 Metaspace       used 33373K, capacity 33708K, committed 33920K, reserved 1079296K
  class space    used 4380K, capacity 4471K, committed 4480K, reserved 1048576K
Event: 9.783 GC heap after
Heap after GC invocations=32 (full 4):
 PSYoungGen      total 68608K, used 402K [0x0000000795580000, 0x000000079a280000, 0x00000007c0000000)
  eden space 59392K, 0% used [0x0000000795580000,0x0000000795580000,0x0000000798f80000)
  from space 9216K, 4% used [0x0000000799980000,0x00000007999e4930,0x000000079a280000)
  to   space 9728K, 0% used [0x0000000798f80000,0x0000000798f80000,0x0000000799900000)
 ParOldGen       total 33792K, used 22096K [0x0000000740000000, 0x0000000742100000, 0x0000000795580000)
  object space 33792K, 65% used [0x0000000740000000,0x0000000741594380,0x0000000742100000)
 Metaspace       used 33373K, capacity 33708K, committed 33920K, reserved 1079296K
  class space    used 4380K, capacity 4471K, committed 4480K, reserved 1048576K
}

Deoptimization events (10 events):
Event: 8.921 Thread 0x00007ff5f48c1000 Uncommon trap: reason=class_check action=maybe_recompile pc=0x0000000103087ab4 method=java.io.DataInputStream.readChar()C @ 4
Event: 8.921 Thread 0x00007ff5f48c1000 Uncommon trap: reason=class_check action=maybe_recompile pc=0x0000000103087ab4 method=java.io.DataInputStream.readChar()C @ 4
Event: 8.921 Thread 0x00007ff5f48c1000 Uncommon trap: reason=class_check action=maybe_recompile pc=0x0000000103087ab4 method=java.io.DataInputStream.readChar()C @ 4
Event: 8.926 Thread 0x00007ff5f48c1000 Uncommon trap: reason=bimorphic action=maybe_recompile pc=0x00000001033c573c method=java.io.DataInputStream.readChar()C @ 4
Event: 8.926 Thread 0x00007ff5f48c1000 Uncommon trap: reason=bimorphic action=maybe_recompile pc=0x00000001033c573c method=java.io.DataInputStream.readChar()C @ 4
Event: 8.926 Thread 0x00007ff5f48c1000 Uncommon trap: reason=bimorphic action=maybe_recompile pc=0x00000001033c573c method=java.io.DataInputStream.readChar()C @ 4
Event: 8.926 Thread 0x00007ff5f48c1000 Uncommon trap: reason=bimorphic action=maybe_recompile pc=0x00000001033c573c method=java.io.DataInputStream.readChar()C @ 4
Event: 9.094 Thread 0x00007ff5f48c1000 Uncommon trap: reason=unreached action=reinterpret pc=0x0000000102e6c300 method=java.util.Date.normalize()Lsun/util/calendar/BaseCalendar$Date; @ 4
Event: 9.490 Thread 0x00007ff5f48c1000 Uncommon trap: reason=class_check action=maybe_recompile pc=0x0000000103165770 method=java.util.regex.Pattern$Curly.match(Ljava/util/regex/Matcher;ILjava/lang/CharSequence;)Z @ 19
Event: 9.490 Thread 0x00007ff5f48c1000 Uncommon trap: reason=class_check action=maybe_recompile pc=0x0000000103165770 method=java.util.regex.Pattern$Curly.match(Ljava/util/regex/Matcher;ILjava/lang/CharSequence;)Z @ 19

Internal exceptions (10 events):
Event: 8.255 Thread 0x00007ff5f48c1000 Implicit null exception at 0x00000001032c4a7f to 0x00000001032c559d
Event: 8.261 Thread 0x00007ff5f48c1000 Implicit null exception at 0x00000001032b34c0 to 0x00000001032b3cbd
Event: 8.283 Thread 0x00007ff5f48c1000 Implicit null exception at 0x00000001032a929b to 0x00000001032a9875
Event: 9.094 Thread 0x00007ff5f48c1000 Implicit null exception at 0x0000000102e6aa35 to 0x0000000102e6c2ed
Event: 9.096 Thread 0x00007ff5f48c1000 Exception <a 'java/security/PrivilegedActionException'> (0x0000000797024340) thrown at [/HUDSON/workspace/8-2-build-macosx-x86_64/jdk8/1418/hotspot/src/share/vm/prims/jvm.cpp, line 1248]
Event: 9.096 Thread 0x00007ff5f48c1000 Exception <a 'java/security/PrivilegedActionException'> (0x0000000797028508) thrown at [/HUDSON/workspace/8-2-build-macosx-x86_64/jdk8/1418/hotspot/src/share/vm/prims/jvm.cpp, line 1248]
Event: 9.107 Thread 0x00007ff5f48c1000 Exception <a 'java/lang/ClassNotFoundException': java/lang/Null> (0x000000079707cfc0) thrown at [/HUDSON/workspace/8-2-build-macosx-x86_64/jdk8/1418/hotspot/src/share/vm/classfile/systemDictionary.cpp, line 202]
Event: 9.119 Thread 0x00007ff5f48c1000 Exception <a 'java/lang/NoSuchMethodError': sun.invoke.util.ValueConversions.array(Ljava/lang/Object;Ljava/lang/Object;Ljava/lang/Object;Ljava/lang/Object;Ljava/lang/Object;Ljava/lang/Object;Ljava/lang/Object;Ljava/lang/Object;Ljava/lang/Object;Ljava/lang
Event: 9.121 Thread 0x00007ff5f48c1000 Exception <a 'java/lang/NoSuchFieldError': method resolution failed> (0x00000007970e2768) thrown at [/HUDSON/workspace/8-2-build-macosx-x86_64/jdk8/1418/hotspot/src/share/vm/prims/methodHandles.cpp, line 1135]
Event: 9.122 Thread 0x00007ff5f48c1000 Exception <a 'java/lang/NoSuchFieldError': method resolution failed> (0x00000007970e5be8) thrown at [/HUDSON/workspace/8-2-build-macosx-x86_64/jdk8/1418/hotspot/src/share/vm/prims/methodHandles.cpp, line 1135]

Events (10 events):
Event: 9.845 loading class java/util/spi/CalendarNameProvider
Event: 9.845 loading class java/util/spi/CalendarNameProvider done
Event: 9.845 loading class sun/util/locale/provider/CalendarNameProviderImpl
Event: 9.845 loading class sun/util/locale/provider/CalendarNameProviderImpl done
Event: 9.845 loading class sun/util/locale/provider/CalendarDataUtility$CalendarFieldValueNamesMapGetter
Event: 9.846 loading class sun/util/locale/provider/CalendarDataUtility$CalendarFieldValueNamesMapGetter done
Event: 9.846 loading class sun/util/locale/provider/CalendarNameProviderImpl$LengthBasedComparator
Event: 9.846 loading class sun/util/locale/provider/CalendarNameProviderImpl$LengthBasedComparator done
Event: 9.846 loading class java/util/zip/CheckedInputStream
Event: 9.846 loading class java/util/zip/CheckedInputStream done


Dynamic libraries:
0x000000000cc4b000 	/System/Library/Frameworks/Cocoa.framework/Versions/A/Cocoa
0x000000000cc4b000 	/System/Library/Frameworks/Security.framework/Versions/A/Security
0x000000000cc4b000 	/System/Library/Frameworks/ApplicationServices.framework/Versions/A/ApplicationServices
0x000000000cc4b000 	/usr/lib/libz.1.dylib
0x000000000cc4b000 	/usr/lib/libSystem.B.dylib
0x000000000cc4b000 	/usr/lib/libobjc.A.dylib
0x000000000cc4b000 	/System/Library/Frameworks/CoreFoundation.framework/Versions/A/CoreFoundation
0x000000000cc4b000 	/System/Library/Frameworks/Foundation.framework/Versions/C/Foundation
0x000000000cc4b000 	/System/Library/Frameworks/AppKit.framework/Versions/C/AppKit
0x000000000cc4b000 	/System/Library/Frameworks/CoreData.framework/Versions/A/CoreData
0x000000000cc4b000 	/System/Library/PrivateFrameworks/RemoteViewServices.framework/Versions/A/RemoteViewServices
0x000000000cc4b000 	/System/Library/Frameworks/AudioToolbox.framework/Versions/A/AudioToolbox
0x000000000cc4b000 	/System/Library/Frameworks/AudioUnit.framework/Versions/A/AudioUnit
0x000000000cc4b000 	/System/Library/PrivateFrameworks/DataDetectorsCore.framework/Versions/A/DataDetectorsCore
0x000000000cc4b000 	/System/Library/PrivateFrameworks/DesktopServicesPriv.framework/Versions/A/DesktopServicesPriv
0x000000000cc4b000 	/System/Library/Frameworks/Carbon.framework/Versions/A/Frameworks/HIToolbox.framework/Versions/A/HIToolbox
0x000000000cc4b000 	/System/Library/Frameworks/QuartzCore.framework/Versions/A/QuartzCore
0x000000000cc4b000 	/System/Library/Frameworks/Carbon.framework/Versions/A/Frameworks/SpeechRecognition.framework/Versions/A/SpeechRecognition
0x000000000cc4b000 	/usr/lib/libauto.dylib
0x000000000cc4b000 	/usr/lib/libicucore.A.dylib
0x000000000cc4b000 	/usr/lib/libxml2.2.dylib
0x000000000cc4b000 	/System/Library/PrivateFrameworks/CoreUI.framework/Versions/A/CoreUI
0x000000000cc4b000 	/System/Library/Frameworks/CoreAudio.framework/Versions/A/CoreAudio
0x000000000cc4b000 	/System/Library/Frameworks/DiskArbitration.framework/Versions/A/DiskArbitration
0x000000000cc4b000 	/usr/lib/liblangid.dylib
0x000000000cc4b000 	/System/Library/PrivateFrameworks/MultitouchSupport.framework/Versions/A/MultitouchSupport
0x000000000cc4b000 	/System/Library/Frameworks/IOKit.framework/Versions/A/IOKit
0x000000000cc4b000 	/usr/lib/libDiagnosticMessagesClient.dylib
0x000000000cc4b000 	/System/Library/Frameworks/CoreServices.framework/Versions/A/CoreServices
0x000000000cc4b000 	/System/Library/PrivateFrameworks/PerformanceAnalysis.framework/Versions/A/PerformanceAnalysis
0x000000000cc4b000 	/System/Library/PrivateFrameworks/GenerationalStorage.framework/Versions/A/GenerationalStorage
0x000000000cc4b000 	/System/Library/Frameworks/OpenGL.framework/Versions/A/OpenGL
0x000000000cc4b000 	/System/Library/PrivateFrameworks/Sharing.framework/Versions/A/Sharing
0x000000000cc4b000 	/System/Library/Frameworks/ImageIO.framework/Versions/A/ImageIO
0x000000000cc4b000 	/System/Library/Frameworks/CoreText.framework/Versions/A/CoreText
0x000000000cc4b000 	/System/Library/Frameworks/CoreGraphics.framework/Versions/A/CoreGraphics
0x000000000cc4b000 	/System/Library/PrivateFrameworks/Backup.framework/Versions/A/Backup
0x000000000cc4b000 	/System/Library/Frameworks/CFNetwork.framework/Versions/A/CFNetwork
0x000000000cc4b000 	/System/Library/Frameworks/SystemConfiguration.framework/Versions/A/SystemConfiguration
0x000000000cc4b000 	/usr/lib/libCRFSuite.dylib
0x000000000cc4b000 	/usr/lib/libc++.1.dylib
0x000000000cc4b000 	/usr/lib/libc++abi.dylib
0x000000000cc4b000 	/usr/lib/system/libcache.dylib
0x000000000cc4b000 	/usr/lib/system/libcommonCrypto.dylib
0x000000000cc4b000 	/usr/lib/system/libcompiler_rt.dylib
0x000000000cc4b000 	/usr/lib/system/libcopyfile.dylib
0x000000000cc4b000 	/usr/lib/system/libcorecrypto.dylib
0x000000000cc4b000 	/usr/lib/system/libdispatch.dylib
0x000000000cc4b000 	/usr/lib/system/libdyld.dylib
0x000000000cc4b000 	/usr/lib/system/libkeymgr.dylib
0x000000000cc4b000 	/usr/lib/system/liblaunch.dylib
0x000000000cc4b000 	/usr/lib/system/libmacho.dylib
0x000000000cc4b000 	/usr/lib/system/libquarantine.dylib
0x000000000cc4b000 	/usr/lib/system/libremovefile.dylib
0x000000000cc4b000 	/usr/lib/system/libsystem_asl.dylib
0x000000000cc4b000 	/usr/lib/system/libsystem_blocks.dylib
0x000000000cc4b000 	/usr/lib/system/libsystem_c.dylib
0x000000000cc4b000 	/usr/lib/system/libsystem_configuration.dylib
0x000000000cc4b000 	/usr/lib/system/libsystem_dnssd.dylib
0x000000000cc4b000 	/usr/lib/system/libsystem_info.dylib
0x000000000cc4b000 	/usr/lib/system/libsystem_kernel.dylib
0x000000000cc4b000 	/usr/lib/system/libsystem_m.dylib
0x000000000cc4b000 	/usr/lib/system/libsystem_malloc.dylib
0x000000000cc4b000 	/usr/lib/system/libsystem_network.dylib
0x000000000cc4b000 	/usr/lib/system/libsystem_notify.dylib
0x000000000cc4b000 	/usr/lib/system/libsystem_platform.dylib
0x000000000cc4b000 	/usr/lib/system/libsystem_pthread.dylib
0x000000000cc4b000 	/usr/lib/system/libsystem_sandbox.dylib
0x000000000cc4b000 	/usr/lib/system/libsystem_stats.dylib
0x000000000cc4b000 	/usr/lib/system/libunc.dylib
0x000000000cc4b000 	/usr/lib/system/libunwind.dylib
0x000000000cc4b000 	/usr/lib/system/libxpc.dylib
0x000000000cc4b000 	/usr/lib/libbsm.0.dylib
0x000000000cc4b000 	/usr/lib/libsqlite3.dylib
0x000000000cc4b000 	/usr/lib/libxar.1.dylib
0x000000000cc4b000 	/usr/lib/libpam.2.dylib
0x000000000cc4b000 	/usr/lib/libOpenScriptingUtil.dylib
0x000000000cc4b000 	/usr/lib/libbz2.1.0.dylib
0x000000000cc4b000 	/System/Library/Frameworks/CoreServices.framework/Versions/A/Frameworks/CarbonCore.framework/Versions/A/CarbonCore
0x000000000cc4b000 	/System/Library/Frameworks/CoreServices.framework/Versions/A/Frameworks/Metadata.framework/Versions/A/Metadata
0x000000000cc4b000 	/System/Library/Frameworks/CoreServices.framework/Versions/A/Frameworks/OSServices.framework/Versions/A/OSServices
0x000000000cc4b000 	/System/Library/Frameworks/CoreServices.framework/Versions/A/Frameworks/SearchKit.framework/Versions/A/SearchKit
0x000000000cc4b000 	/System/Library/Frameworks/CoreServices.framework/Versions/A/Frameworks/AE.framework/Versions/A/AE
0x000000000cc4b000 	/System/Library/Frameworks/CoreServices.framework/Versions/A/Frameworks/LaunchServices.framework/Versions/A/LaunchServices
0x000000000cc4b000 	/System/Library/Frameworks/CoreServices.framework/Versions/A/Frameworks/DictionaryServices.framework/Versions/A/DictionaryServices
0x000000000cc4b000 	/System/Library/Frameworks/NetFS.framework/Versions/A/NetFS
0x000000000cc4b000 	/usr/lib/system/libkxld.dylib
0x000000000cc4b000 	/System/Library/PrivateFrameworks/NetAuth.framework/Versions/A/NetAuth
0x000000000cc4b000 	/System/Library/PrivateFrameworks/TCC.framework/Versions/A/TCC
0x000000000cc4b000 	/System/Library/Frameworks/OpenDirectory.framework/Versions/A/Frameworks/CFOpenDirectory.framework/Versions/A/CFOpenDirectory
0x000000000cc4b000 	/System/Library/Frameworks/ServiceManagement.framework/Versions/A/ServiceManagement
0x000000000cc4b000 	/usr/lib/libxslt.1.dylib
0x000000000cc4b000 	/System/Library/Frameworks/Carbon.framework/Versions/A/Frameworks/Ink.framework/Versions/A/Ink
0x000000000cc4b000 	/System/Library/Frameworks/ApplicationServices.framework/Versions/A/Frameworks/ATS.framework/Versions/A/ATS
0x000000000cc4b000 	/System/Library/Frameworks/ApplicationServices.framework/Versions/A/Frameworks/ColorSync.framework/Versions/A/ColorSync
0x000000000cc4b000 	/System/Library/Frameworks/ApplicationServices.framework/Versions/A/Frameworks/HIServices.framework/Versions/A/HIServices
0x000000000cc4b000 	/System/Library/Frameworks/ApplicationServices.framework/Versions/A/Frameworks/LangAnalysis.framework/Versions/A/LangAnalysis
0x000000000cc4b000 	/System/Library/Frameworks/ApplicationServices.framework/Versions/A/Frameworks/PrintCore.framework/Versions/A/PrintCore
0x000000000cc4b000 	/System/Library/Frameworks/ApplicationServices.framework/Versions/A/Frameworks/QD.framework/Versions/A/QD
0x000000000cc4b000 	/System/Library/Frameworks/ApplicationServices.framework/Versions/A/Frameworks/SpeechSynthesis.framework/Versions/A/SpeechSynthesis
0x000000000cc4b000 	/System/Library/Frameworks/IOSurface.framework/Versions/A/IOSurface
0x000000000cc4b000 	/System/Library/Frameworks/Accelerate.framework/Versions/A/Accelerate
0x000000000cc4b000 	/System/Library/Frameworks/Accelerate.framework/Versions/A/Frameworks/vImage.framework/Versions/A/vImage
0x000000000cc4b000 	/System/Library/Frameworks/Accelerate.framework/Versions/A/Frameworks/vecLib.framework/Versions/A/vecLib
0x000000000cc4b000 	/System/Library/Frameworks/Accelerate.framework/Versions/A/Frameworks/vecLib.framework/Versions/A/libvDSP.dylib
0x000000000cc4b000 	/System/Library/Frameworks/Accelerate.framework/Versions/A/Frameworks/vecLib.framework/Versions/A/libvMisc.dylib
0x000000000cc4b000 	/System/Library/Frameworks/Accelerate.framework/Versions/A/Frameworks/vecLib.framework/Versions/A/libLAPACK.dylib
0x000000000cc4b000 	/System/Library/Frameworks/Accelerate.framework/Versions/A/Frameworks/vecLib.framework/Versions/A/libBLAS.dylib
0x000000000cc4b000 	/System/Library/Frameworks/ApplicationServices.framework/Versions/A/Frameworks/ATS.framework/Versions/A/Resources/libFontParser.dylib
0x000000000cc4b000 	/System/Library/Frameworks/ApplicationServices.framework/Versions/A/Frameworks/ATS.framework/Versions/A/Resources/libFontRegistry.dylib
0x000000000cc4b000 	/System/Library/Frameworks/ImageIO.framework/Versions/A/Resources/libJPEG.dylib
0x000000000cc4b000 	/System/Library/Frameworks/ImageIO.framework/Versions/A/Resources/libTIFF.dylib
0x000000000cc4b000 	/System/Library/Frameworks/ImageIO.framework/Versions/A/Resources/libPng.dylib
0x000000000cc4b000 	/System/Library/Frameworks/ImageIO.framework/Versions/A/Resources/libGIF.dylib
0x000000000cc4b000 	/System/Library/Frameworks/ImageIO.framework/Versions/A/Resources/libJP2.dylib
0x000000000cc4b000 	/System/Library/Frameworks/ImageIO.framework/Versions/A/Resources/libRadiance.dylib
0x000000000cc4b000 	/usr/lib/libcups.2.dylib
0x000000000cc4b000 	/System/Library/Frameworks/Kerberos.framework/Versions/A/Kerberos
0x000000000cc4b000 	/System/Library/Frameworks/GSS.framework/Versions/A/GSS
0x000000000cc4b000 	/usr/lib/libresolv.9.dylib
0x000000000cc4b000 	/usr/lib/libiconv.2.dylib
0x000000000cc4b000 	/System/Library/PrivateFrameworks/Heimdal.framework/Versions/A/Heimdal
0x000000000cc4b000 	/System/Library/PrivateFrameworks/TrustEvaluationAgent.framework/Versions/A/TrustEvaluationAgent
0x000000000cc4b000 	/usr/lib/libheimdal-asn1.dylib
0x000000000cc4b000 	/System/Library/Frameworks/OpenDirectory.framework/Versions/A/OpenDirectory
0x000000000cc4b000 	/System/Library/PrivateFrameworks/CommonAuth.framework/Versions/A/CommonAuth
0x000000000cc4b000 	/System/Library/Frameworks/SecurityFoundation.framework/Versions/A/SecurityFoundation
0x000000000cc4b000 	/System/Library/PrivateFrameworks/Bom.framework/Versions/A/Bom
0x000000000cc4b000 	/System/Library/Frameworks/CoreVideo.framework/Versions/A/CoreVideo
0x000000000cc4b000 	/System/Library/Frameworks/QuartzCore.framework/Versions/A/Frameworks/CoreImage.framework/Versions/A/CoreImage
0x000000000cc4b000 	/System/Library/Frameworks/QuartzCore.framework/Versions/A/Frameworks/ScalableUserInterface.framework/Versions/A/ScalableUserInterface
0x000000000cc4b000 	/System/Library/Frameworks/OpenGL.framework/Versions/A/Libraries/libGLU.dylib
0x000000000cc4b000 	/System/Library/Frameworks/OpenGL.framework/Versions/A/Libraries/libGFXShared.dylib
0x000000000cc4b000 	/System/Library/Frameworks/OpenGL.framework/Versions/A/Libraries/libGL.dylib
0x000000000cc4b000 	/System/Library/Frameworks/OpenGL.framework/Versions/A/Libraries/libGLImage.dylib
0x000000000cc4b000 	/System/Library/Frameworks/OpenGL.framework/Versions/A/Libraries/libCVMSPluginSupport.dylib
0x000000000cc4b000 	/System/Library/Frameworks/OpenGL.framework/Versions/A/Libraries/libCoreVMClient.dylib
0x000000000cc4b000 	/System/Library/PrivateFrameworks/FaceCore.framework/Versions/A/FaceCore
0x000000000cc4b000 	/System/Library/PrivateFrameworks/CrashReporterSupport.framework/Versions/A/CrashReporterSupport
0x000000000cc4b000 	/System/Library/Frameworks/OpenCL.framework/Versions/A/OpenCL
0x000000000cc4b000 	/System/Library/PrivateFrameworks/AppleFSCompression.framework/Versions/A/AppleFSCompression
0x000000000cc4b000 	/System/Library/PrivateFrameworks/Ubiquity.framework/Versions/A/Ubiquity
0x000000000cc4b000 	/System/Library/PrivateFrameworks/IconServices.framework/Versions/A/IconServices
0x000000000cc4b000 	/System/Library/PrivateFrameworks/ChunkingLibrary.framework/Versions/A/ChunkingLibrary
0x000000000cc4b000 	/System/Library/PrivateFrameworks/CoreSymbolication.framework/Versions/A/CoreSymbolication
0x000000000cc4b000 	/System/Library/PrivateFrameworks/Symbolication.framework/Versions/A/Symbolication
0x000000000cc4b000 	/System/Library/PrivateFrameworks/DebugSymbols.framework/Versions/A/DebugSymbols
0x0000000101800000 	/Users/ggrousset/Desktop/jdk1.8.0.jdk/Contents/Home/jre/lib/server/libjvm.dylib
0x000000000cc4b000 	/usr/lib/libstdc++.6.dylib
0x0000000100792000 	/Users/ggrousset/Desktop/jdk1.8.0.jdk/Contents/Home/jre/lib/libverify.dylib
0x00000001007a0000 	/Users/ggrousset/Desktop/jdk1.8.0.jdk/Contents/Home/jre/lib/libjava.dylib
0x00000001007de000 	/Users/ggrousset/Desktop/jdk1.8.0.jdk/Contents/Home/jre/lib/libzip.dylib
0x00000001007e8000 	/System/Library/Frameworks/JavaVM.framework/Frameworks/JavaRuntimeSupport.framework/JavaRuntimeSupport
0x00000001197bc000 	/System/Library/Frameworks/JavaVM.framework/Versions/A/Frameworks/JavaNativeFoundation.framework/Versions/A/JavaNativeFoundation
0x00000001197d1000 	/System/Library/Frameworks/JavaVM.framework/Versions/A/JavaVM
0x000000000cc4b000 	/System/Library/Frameworks/Carbon.framework/Versions/A/Carbon
0x00000001197de000 	/System/Library/PrivateFrameworks/JavaLaunching.framework/Versions/A/JavaLaunching
0x000000000cc4b000 	/System/Library/Frameworks/Carbon.framework/Versions/A/Frameworks/CommonPanels.framework/Versions/A/CommonPanels
0x000000000cc4b000 	/System/Library/Frameworks/Carbon.framework/Versions/A/Frameworks/Help.framework/Versions/A/Help
0x000000000cc4b000 	/System/Library/Frameworks/Carbon.framework/Versions/A/Frameworks/ImageCapture.framework/Versions/A/ImageCapture
0x000000000cc4b000 	/System/Library/Frameworks/Carbon.framework/Versions/A/Frameworks/OpenScripting.framework/Versions/A/OpenScripting
0x000000000cc4b000 	/System/Library/Frameworks/Carbon.framework/Versions/A/Frameworks/Print.framework/Versions/A/Print
0x000000000cc4b000 	/System/Library/Frameworks/Carbon.framework/Versions/A/Frameworks/SecurityHI.framework/Versions/A/SecurityHI
0x000000011a294000 	/Users/ggrousset/Desktop/jdk1.8.0.jdk/Contents/Home/jre/lib/libprism_es2.dylib
0x000000000cc4b000 	/System/Library/Frameworks/OpenGL.framework/Versions/A/Resources/GLEngine.bundle/GLEngine
0x000000000cc4b000 	/System/Library/Frameworks/OpenGL.framework/Versions/A/Libraries/libGLProgrammability.dylib
0x0000000000000000 	/System/Library/Extensions/GeForceGLDriver.bundle/Contents/MacOS/GeForceGLDriver
0x000000000cc4b000 	/System/Library/PrivateFrameworks/IOAccelerator.framework/Versions/A/IOAccelerator
0x000000000cc4b000 	/System/Library/PrivateFrameworks/GPUSupport.framework/Versions/A/Libraries/libGPUSupportMercury.dylib
0x000000000cc4b000 	/System/Library/Extensions/GeForceGLDriver.bundle/Contents/MacOS/libclh.dylib
0x0000000000000000 	/System/Library/Extensions/AppleIntelHD4000GraphicsGLDriver.bundle/Contents/MacOS/AppleIntelHD4000GraphicsGLDriver
0x000000000cc4b000 	/System/Library/Frameworks/OpenGL.framework/Versions/A/Resources/GLRendererFloat.bundle/GLRendererFloat
0x000000000cc4b000 	/System/Library/Frameworks/OpenCL.framework/Versions/A/Libraries/libcldcpuengine.dylib
0x000000000cc4b000 	/System/Library/PrivateFrameworks/DiskImages.framework/Versions/A/DiskImages
0x000000000cc4b000 	/System/Library/Frameworks/DiscRecording.framework/Versions/A/DiscRecording
0x000000000cc4b000 	/usr/lib/libcsfde.dylib
0x000000000cc4b000 	/usr/lib/libcurl.4.dylib
0x000000000cc4b000 	/System/Library/PrivateFrameworks/MediaKit.framework/Versions/A/MediaKit
0x000000000cc4b000 	/usr/lib/libCoreStorage.dylib
0x000000000cc4b000 	/System/Library/PrivateFrameworks/EFILogin.framework/Versions/A/EFILogin
0x000000000cc4b000 	/usr/lib/libutil.dylib
0x000000000cc4b000 	/System/Library/PrivateFrameworks/AOSNotification.framework/Versions/A/AOSNotification
0x000000000cc4b000 	/System/Library/Frameworks/LDAP.framework/Versions/A/LDAP
0x000000000cc4b000 	/usr/lib/libsasl2.2.dylib
0x000000000cc4b000 	/usr/lib/libcrypto.0.9.8.dylib
0x000000000cc4b000 	/usr/lib/libssl.0.9.8.dylib
0x000000011acda000 	/Users/ggrousset/Desktop/jdk1.8.0.jdk/Contents/Home/jre/lib/libglass.dylib
0x000000000cc4b000 	/System/Library/PrivateFrameworks/CoreServicesInternal.framework/Versions/A/CoreServicesInternal
0x000000000cc4b000 	/System/Library/PrivateFrameworks/Librarian.framework/Versions/A/Librarian
0x000000000cc4b000 	/System/Library/CoreServices/RawCamera.bundle/Contents/MacOS/RawCamera
0x000000000cc4b000 	/System/Library/Frameworks/CoreGraphics.framework/Versions/A/Resources/libCGCMS.A.dylib
0x000000000cc4b000 	/System/Library/Frameworks/CoreGraphics.framework/Versions/A/Resources/libRIP.A.dylib
0x000000000cc4b000 	/System/Library/PrivateFrameworks/FamilyControls.framework/Versions/A/FamilyControls
0x000000000cc4b000 	/System/Library/PrivateFrameworks/CommerceKit.framework/Versions/A/Frameworks/CommerceCore.framework/Versions/A/CommerceCore
0x000000000cc4b000 	/System/Library/PrivateFrameworks/SystemAdministration.framework/Versions/A/SystemAdministration
0x000000000cc4b000 	/System/Library/Frameworks/DirectoryService.framework/Versions/A/DirectoryService
0x000000000cc4b000 	/System/Library/PrivateFrameworks/LoginUIKit.framework/Versions/A/Frameworks/LoginUICore.framework/Versions/A/LoginUICore
0x000000000cc4b000 	/usr/lib/libodfde.dylib
0x000000000cc4b000 	/System/Library/Frameworks/CoreGraphics.framework/Versions/A/Resources/libCGXType.A.dylib
0x000000011c529000 	/Users/ggrousset/Desktop/jdk1.8.0.jdk/Contents/Home/jre/lib/libjavafx_font.dylib
0x0000000122914000 	/Users/ggrousset/Desktop/jdk1.8.0.jdk/Contents/Home/jre/lib/libjfxwebkit.dylib
0x000000011c5b1000 	/Users/ggrousset/Desktop/jdk1.8.0.jdk/Contents/Home/jre/lib/libnio.dylib
0x000000011c5d6000 	/Users/ggrousset/Desktop/jdk1.8.0.jdk/Contents/Home/jre/lib/./libnet.dylib
0x000000011c650000 	cl_kernels
0x0000000127179000 	/System/Library/Frameworks/OpenCL.framework/Versions/A/Libraries/ImageFormats/unorm8_bgra.dylib
0x000000011c6b8000 	cl_kernels
0x0000000120626000 	cl_kernels
0x000000012073c000 	cl_kernels
0x00000001277a7000 	/System/Library/Frameworks/OpenCL.framework/Versions/A/Libraries/ImageFormats/unorm8_argb.dylib
0x0000000120743000 	/Users/ggrousset/Desktop/jdk1.8.0.jdk/Contents/Home/jre/lib/libprism_common.dylib
0x000000000cc4b000 	/System/Library/PrivateFrameworks/Shortcut.framework/Versions/A/Shortcut
0x000000000cc4b000 	/System/Library/PrivateFrameworks/HelpData.framework/Versions/A/HelpData
0x000000000cc4b000 	/usr/lib/libtidy.A.dylib
0x0000000120850000 	/Users/ggrousset/Desktop/jdk1.8.0.jdk/Contents/Home/jre/lib/libosx.dylib
0x0000000125130000 	/Users/ggrousset/Desktop/jdk1.8.0.jdk/Contents/Home/jre/lib/./libosxapp.dylib
0x000000000cc4b000 	/System/Library/Frameworks/ExceptionHandling.framework/Versions/A/ExceptionHandling
0x000000012514a000 	/Users/ggrousset/Desktop/jdk1.8.0.jdk/Contents/Home/jre/lib/libsunec.dylib

VM Arguments:
java_command: com.backelite.shift.MainApp
java_class_path (initial): /Users/ggrousset/Projets/shift/target/classes:/Users/ggrousset/.m2/repository/com/miglayout/miglayout-javafx/4.2/miglayout-javafx-4.2.jar:/Users/ggrousset/.m2/repository/com/miglayout/miglayout-core/4.2/miglayout-core-4.2.jar:/Users/ggrousset/.m2/repository/commons-lang/commons-lang/2.6/commons-lang-2.6.jar:/Users/ggrousset/.m2/repository/commons-io/commons-io/1.0/commons-io-1.0.jar:/Users/ggrousset/.m2/repository/commons-configuration/commons-configuration/1.9/commons-configuration-1.9.jar:/Users/ggrousset/.m2/repository/commons-logging/commons-logging/1.1.1/commons-logging-1.1.1.jar:/Users/ggrousset/.m2/repository/commons-httpclient/commons-httpclient/3.1/commons-httpclient-3.1.jar:/Users/ggrousset/.m2/repository/commons-codec/commons-codec/1.2/commons-codec-1.2.jar:/Users/ggrousset/.m2/repository/org/apache/ant/ant-compress/1.3/ant-compress-1.3.jar:/Users/ggrousset/.m2/repository/org/apache/ant/ant/1.9.3/ant-1.9.3.jar:/Users/ggrousset/.m2/repository/org/apache/ant/ant-launcher/1.9.3/ant-launcher-1.9.3.jar:/Users/ggrousset/.m2/repository/org/apache/commons/commons-compress/1.6/commons-compress-1.6.jar:/Users/ggrousset/.m2/repository/org/tukaani/xz/1.4/xz-1.4.jar:/Users/ggrousset/.m2/repository/org/codehaus/jackson/jackson-core-asl/1.9.12/jackson-core-asl-1.9.12.jar:/Users/ggrousset/.m2/repository/org/codehaus/jackson/jackson-mapper-asl/1.9.12/jackson-mapper-asl-1.9.12.jar:/Users/ggrousset/.m2/repository/org/slf4j/slf4j-api/1.6.1/slf4j-api-1.6.1.jar:/Users/ggrousset/.m2/repository/org/slf4j/jcl-over-slf4j/1.6.1/jcl-over-slf4j-1.6.1.jar:/Users/ggrousset/.m2/repository/org/slf4j/slf4j-log4j12/1.6.1/slf4j-log4j12-1.6.1.jar:/Users/ggrousset/.m2/repository/log4j/log4j/1.2.16/log4j-1.2.16.jar:/Users/ggrousset/.m2/repository/org/codehaus/groovy/groovy-all/2.1.3/groovy-all-2.1.3.jar:/Users/ggrousset/.m2/repository/groovytools/builder/metabuilder/2.0.0/metabuilder-2.0.0.jar:/Users/ggrousset/.m2/repository/org/eclipse/jetty/jetty-webapp/9.0.3.v20
Launcher Type: SUN_STANDARD

Environment Variables:
JAVA_HOME=/Users/ggrousset/Desktop/jdk1.8.0.jdk/Contents/Home
PATH=/usr/bin:/bin:/usr/sbin:/sbin
LD_LIBRARY_PATH=/System/Library/Frameworks/JavaVM.framework/Versions/1.6/Home/jre/lib/amd64:/System/Library/Frameworks/JavaVM.framework/Versions/1.6/Home/jre/lib/i386:
SHELL=/bin/bash

Signal Handlers:
SIGSEGV: [libjvm.dylib+0x55ef8f], sa_mask[0]=0xfffefeff, sa_flags=0x00000043
SIGBUS: [libjvm.dylib+0x55ef8f], sa_mask[0]=0xfffefeff, sa_flags=0x00000042
SIGFPE: [libjvm.dylib+0x4424f2], sa_mask[0]=0xfffefeff, sa_flags=0x00000042
SIGPIPE: [libjvm.dylib+0x4424f2], sa_mask[0]=0xfffefeff, sa_flags=0x00000042
SIGXFSZ: [libjvm.dylib+0x4424f2], sa_mask[0]=0xfffefeff, sa_flags=0x00000042
SIGILL: [libjvm.dylib+0x4424f2], sa_mask[0]=0xfffefeff, sa_flags=0x00000042
SIGUSR1: SIG_DFL, sa_mask[0]=0x00000000, sa_flags=0x00000002
SIGUSR2: [libjvm.dylib+0x442010], sa_mask[0]=0x00000004, sa_flags=0x00000042
SIGHUP: [libjvm.dylib+0x44039d], sa_mask[0]=0xfffefeff, sa_flags=0x00000042
SIGINT: SIG_IGN, sa_mask[0]=0x00000000, sa_flags=0x00000000
SIGTERM: [libjvm.dylib+0x44039d], sa_mask[0]=0xfffefeff, sa_flags=0x00000042
SIGQUIT: [libjvm.dylib+0x44039d], sa_mask[0]=0xfffefeff, sa_flags=0x00000042


---------------  S Y S T E M  ---------------

OS:Bsduname:Darwin 13.0.0 Darwin Kernel Version 13.0.0: Thu Sep 19 22:22:27 PDT 2013; root:xnu-2422.1.72~6/RELEASE_X86_64 x86_64
rlimit: STACK 8192k, CORE 0k, NPROC 709, NOFILE 10240, AS infinity
load average:2.83 2.08 1.87

CPU:total 8 (4 cores per cpu, 2 threads per core) family 6 model 58 stepping 9, cmov, cx8, fxsr, mmx, sse, sse2, sse3, ssse3, sse4.1, sse4.2, popcnt, avx, aes, clmul, erms, ht, tsc, tscinvbit

Memory: 4k page, physical 8388608k(2438724k free)

/proc/meminfo:


vm_info: Java HotSpot(TM) 64-Bit Server VM (25.0-b65) for bsd-amd64 JRE (1.8.0-ea-b123), built on Jan 10 2014 00:48:35 by "java_re" with gcc 4.2.1 (Based on Apple Inc. build 5658) (LLVM build 2336.11.00)

time: Tue Jan 28 23:27:28 2014
elapsed time: 9 seconds

